[0.729s] Invoking command in '/home/akasha/MoMa-ArmLab/ros2_ws/src/arm_lab': PYTHONPATH=/home/akasha/MoMa-ArmLab/ros2_ws/build/arm_lab/prefix_override:/usr/lib/python3/dist-packages/colcon_core/task/python/colcon_distutils_commands:/home/akasha/MoMa-ArmLab/ros2_ws/install/arm_lab/lib/python3.10/site-packages:${PYTHONPATH} /usr/bin/python3 -W ignore:setup.py install is deprecated -W ignore:easy_install command is deprecated setup.py egg_info --egg-base ../../build/arm_lab build --build-base /home/akasha/MoMa-ArmLab/ros2_ws/build/arm_lab/build install --record /home/akasha/MoMa-ArmLab/ros2_ws/build/arm_lab/install.log --single-version-externally-managed install_data
[0.984s] running egg_info
[0.985s] writing ../../build/arm_lab/arm_lab.egg-info/PKG-INFO
[0.985s] writing dependency_links to ../../build/arm_lab/arm_lab.egg-info/dependency_links.txt
[0.985s] writing entry points to ../../build/arm_lab/arm_lab.egg-info/entry_points.txt
[0.985s] writing requirements to ../../build/arm_lab/arm_lab.egg-info/requires.txt
[0.985s] writing top-level names to ../../build/arm_lab/arm_lab.egg-info/top_level.txt
[0.987s] reading manifest file '../../build/arm_lab/arm_lab.egg-info/SOURCES.txt'
[0.988s] writing manifest file '../../build/arm_lab/arm_lab.egg-info/SOURCES.txt'
[0.988s] running build
[0.989s] running build_py
[0.989s] running install
[0.989s] running install_lib
[0.991s] running install_data
[0.991s] copying launch/spawn_robot_gazebo.launch.py -> /home/akasha/MoMa-ArmLab/ros2_ws/install/arm_lab/share/arm_lab/launch
[0.991s] running install_egg_info
[0.993s] removing '/home/akasha/MoMa-ArmLab/ros2_ws/install/arm_lab/lib/python3.10/site-packages/arm_lab-0.0.0-py3.10.egg-info' (and everything under it)
[0.993s] Copying ../../build/arm_lab/arm_lab.egg-info to /home/akasha/MoMa-ArmLab/ros2_ws/install/arm_lab/lib/python3.10/site-packages/arm_lab-0.0.0-py3.10.egg-info
[0.994s] running install_scripts
[1.013s] Installing add_two_ints_server script to /home/akasha/MoMa-ArmLab/ros2_ws/install/arm_lab/lib/arm_lab
[1.013s] Installing fibonacci_action_server script to /home/akasha/MoMa-ArmLab/ros2_ws/install/arm_lab/lib/arm_lab
[1.013s] Installing hello_node script to /home/akasha/MoMa-ArmLab/ros2_ws/install/arm_lab/lib/arm_lab
[1.013s] Installing listener_node script to /home/akasha/MoMa-ArmLab/ros2_ws/install/arm_lab/lib/arm_lab
[1.013s] Installing parameter_node script to /home/akasha/MoMa-ArmLab/ros2_ws/install/arm_lab/lib/arm_lab
[1.014s] Installing static_tf_node script to /home/akasha/MoMa-ArmLab/ros2_ws/install/arm_lab/lib/arm_lab
[1.014s] Installing talker_node script to /home/akasha/MoMa-ArmLab/ros2_ws/install/arm_lab/lib/arm_lab
[1.014s] writing list of installed files to '/home/akasha/MoMa-ArmLab/ros2_ws/build/arm_lab/install.log'
[1.037s] Invoked command in '/home/akasha/MoMa-ArmLab/ros2_ws/src/arm_lab' returned '0': PYTHONPATH=/home/akasha/MoMa-ArmLab/ros2_ws/build/arm_lab/prefix_override:/usr/lib/python3/dist-packages/colcon_core/task/python/colcon_distutils_commands:/home/akasha/MoMa-ArmLab/ros2_ws/install/arm_lab/lib/python3.10/site-packages:${PYTHONPATH} /usr/bin/python3 -W ignore:setup.py install is deprecated -W ignore:easy_install command is deprecated setup.py egg_info --egg-base ../../build/arm_lab build --build-base /home/akasha/MoMa-ArmLab/ros2_ws/build/arm_lab/build install --record /home/akasha/MoMa-ArmLab/ros2_ws/build/arm_lab/install.log --single-version-externally-managed install_data
