[0.760s] Invoking command in '/home/akasha/MoMa-ArmLab/ros2_ws/src/arm_lab': PYTHONPATH=/home/akasha/MoMa-ArmLab/ros2_ws/build/arm_lab/prefix_override:/usr/lib/python3/dist-packages/colcon_core/task/python/colcon_distutils_commands:/home/akasha/MoMa-ArmLab/ros2_ws/install/arm_lab/lib/python3.10/site-packages:${PYTHONPATH} /usr/bin/python3 -W ignore:setup.py install is deprecated -W ignore:easy_install command is deprecated setup.py egg_info --egg-base ../../build/arm_lab build --build-base /home/akasha/MoMa-ArmLab/ros2_ws/build/arm_lab/build install --record /home/akasha/MoMa-ArmLab/ros2_ws/build/arm_lab/install.log --single-version-externally-managed install_data
[0.999s] running egg_info
[0.999s] writing ../../build/arm_lab/arm_lab.egg-info/PKG-INFO
[1.000s] writing dependency_links to ../../build/arm_lab/arm_lab.egg-info/dependency_links.txt
[1.000s] writing entry points to ../../build/arm_lab/arm_lab.egg-info/entry_points.txt
[1.000s] writing requirements to ../../build/arm_lab/arm_lab.egg-info/requires.txt
[1.000s] writing top-level names to ../../build/arm_lab/arm_lab.egg-info/top_level.txt
[1.002s] reading manifest file '../../build/arm_lab/arm_lab.egg-info/SOURCES.txt'
[1.004s] writing manifest file '../../build/arm_lab/arm_lab.egg-info/SOURCES.txt'
[1.005s] running build
[1.005s] running build_py
[1.006s] copying arm_lab/static_tf_node.py -> /home/akasha/MoMa-ArmLab/ros2_ws/build/arm_lab/build/lib/arm_lab
[1.006s] running install
[1.006s] running install_lib
[1.008s] copying /home/akasha/MoMa-ArmLab/ros2_ws/build/arm_lab/build/lib/arm_lab/static_tf_node.py -> /home/akasha/MoMa-ArmLab/ros2_ws/install/arm_lab/lib/python3.10/site-packages/arm_lab
[1.008s] byte-compiling /home/akasha/MoMa-ArmLab/ros2_ws/install/arm_lab/lib/python3.10/site-packages/arm_lab/static_tf_node.py to static_tf_node.cpython-310.pyc
[1.009s] running install_data
[1.009s] running install_egg_info
[1.010s] removing '/home/akasha/MoMa-ArmLab/ros2_ws/install/arm_lab/lib/python3.10/site-packages/arm_lab-0.0.0-py3.10.egg-info' (and everything under it)
[1.011s] Copying ../../build/arm_lab/arm_lab.egg-info to /home/akasha/MoMa-ArmLab/ros2_ws/install/arm_lab/lib/python3.10/site-packages/arm_lab-0.0.0-py3.10.egg-info
[1.012s] running install_scripts
[1.030s] Installing add_two_ints_server script to /home/akasha/MoMa-ArmLab/ros2_ws/install/arm_lab/lib/arm_lab
[1.030s] Installing fibonacci_action_server script to /home/akasha/MoMa-ArmLab/ros2_ws/install/arm_lab/lib/arm_lab
[1.031s] Installing hello_node script to /home/akasha/MoMa-ArmLab/ros2_ws/install/arm_lab/lib/arm_lab
[1.031s] Installing listener_node script to /home/akasha/MoMa-ArmLab/ros2_ws/install/arm_lab/lib/arm_lab
[1.031s] Installing parameter_node script to /home/akasha/MoMa-ArmLab/ros2_ws/install/arm_lab/lib/arm_lab
[1.031s] Installing static_tf_node script to /home/akasha/MoMa-ArmLab/ros2_ws/install/arm_lab/lib/arm_lab
[1.031s] Installing talker_node script to /home/akasha/MoMa-ArmLab/ros2_ws/install/arm_lab/lib/arm_lab
[1.032s] writing list of installed files to '/home/akasha/MoMa-ArmLab/ros2_ws/build/arm_lab/install.log'
[1.056s] Invoked command in '/home/akasha/MoMa-ArmLab/ros2_ws/src/arm_lab' returned '0': PYTHONPATH=/home/akasha/MoMa-ArmLab/ros2_ws/build/arm_lab/prefix_override:/usr/lib/python3/dist-packages/colcon_core/task/python/colcon_distutils_commands:/home/akasha/MoMa-ArmLab/ros2_ws/install/arm_lab/lib/python3.10/site-packages:${PYTHONPATH} /usr/bin/python3 -W ignore:setup.py install is deprecated -W ignore:easy_install command is deprecated setup.py egg_info --egg-base ../../build/arm_lab build --build-base /home/akasha/MoMa-ArmLab/ros2_ws/build/arm_lab/build install --record /home/akasha/MoMa-ArmLab/ros2_ws/build/arm_lab/install.log --single-version-externally-managed install_data
