/workspace/MoMa-ArmLab/ros2_ws/install/arm_lab/lib/python3.10/site-packages/arm_lab/add_two_ints_server.py
/workspace/MoMa-ArmLab/ros2_ws/install/arm_lab/lib/python3.10/site-packages/arm_lab/__init__.py
/workspace/MoMa-ArmLab/ros2_ws/install/arm_lab/lib/python3.10/site-packages/arm_lab/parameter_node.py
/workspace/MoMa-ArmLab/ros2_ws/install/arm_lab/lib/python3.10/site-packages/arm_lab/fibonacci_action_server.py
/workspace/MoMa-ArmLab/ros2_ws/install/arm_lab/lib/python3.10/site-packages/arm_lab/hello_node.py
/workspace/MoMa-ArmLab/ros2_ws/install/arm_lab/lib/python3.10/site-packages/arm_lab/listener_node.py
/workspace/MoMa-ArmLab/ros2_ws/install/arm_lab/lib/python3.10/site-packages/arm_lab/talker_node.py
/workspace/MoMa-ArmLab/ros2_ws/install/arm_lab/lib/python3.10/site-packages/arm_lab/static_tf_node.py
/workspace/MoMa-ArmLab/ros2_ws/install/arm_lab/lib/python3.10/site-packages/arm_lab/__pycache__/add_two_ints_server.cpython-310.pyc
/workspace/MoMa-ArmLab/ros2_ws/install/arm_lab/lib/python3.10/site-packages/arm_lab/__pycache__/__init__.cpython-310.pyc
/workspace/MoMa-ArmLab/ros2_ws/install/arm_lab/lib/python3.10/site-packages/arm_lab/__pycache__/parameter_node.cpython-310.pyc
/workspace/MoMa-ArmLab/ros2_ws/install/arm_lab/lib/python3.10/site-packages/arm_lab/__pycache__/fibonacci_action_server.cpython-310.pyc
/workspace/MoMa-ArmLab/ros2_ws/install/arm_lab/lib/python3.10/site-packages/arm_lab/__pycache__/hello_node.cpython-310.pyc
/workspace/MoMa-ArmLab/ros2_ws/install/arm_lab/lib/python3.10/site-packages/arm_lab/__pycache__/listener_node.cpython-310.pyc
/workspace/MoMa-ArmLab/ros2_ws/install/arm_lab/lib/python3.10/site-packages/arm_lab/__pycache__/talker_node.cpython-310.pyc
/workspace/MoMa-ArmLab/ros2_ws/install/arm_lab/lib/python3.10/site-packages/arm_lab/__pycache__/static_tf_node.cpython-310.pyc
/workspace/MoMa-ArmLab/ros2_ws/install/arm_lab/share/ament_index/resource_index/packages/arm_lab
/workspace/MoMa-ArmLab/ros2_ws/install/arm_lab/share/arm_lab/package.xml
/workspace/MoMa-ArmLab/ros2_ws/install/arm_lab/share/arm_lab/launch/gazebo_world.launch.py
/workspace/MoMa-ArmLab/ros2_ws/install/arm_lab/share/arm_lab/launch/communication.launch.py
/workspace/MoMa-ArmLab/ros2_ws/install/arm_lab/share/arm_lab/launch/spawn_robot_gazebo.launch.py
/workspace/MoMa-ArmLab/ros2_ws/install/arm_lab/share/arm_lab/launch/parameter.launch.py
/workspace/MoMa-ArmLab/ros2_ws/install/arm_lab/share/arm_lab/launch/display_simple_robot.launch.py
/workspace/MoMa-ArmLab/ros2_ws/install/arm_lab/share/arm_lab/config/arm_controllers.yaml
/workspace/MoMa-ArmLab/ros2_ws/install/arm_lab/share/arm_lab/config/arm_lab_params.yaml
/workspace/MoMa-ArmLab/ros2_ws/install/arm_lab/share/arm_lab/urdf/simple_robot_generated.urdf
/workspace/MoMa-ArmLab/ros2_ws/install/arm_lab/share/arm_lab/urdf/simple_robot.urdf
/workspace/MoMa-ArmLab/ros2_ws/install/arm_lab/share/arm_lab/urdf/simple_robot.urdf.xacro
/workspace/MoMa-ArmLab/ros2_ws/install/arm_lab/share/arm_lab/worlds/empty_world.sdf
/workspace/MoMa-ArmLab/ros2_ws/install/arm_lab/lib/python3.10/site-packages/arm_lab-0.0.0-py3.10.egg-info/entry_points.txt
/workspace/MoMa-ArmLab/ros2_ws/install/arm_lab/lib/python3.10/site-packages/arm_lab-0.0.0-py3.10.egg-info/requires.txt
/workspace/MoMa-ArmLab/ros2_ws/install/arm_lab/lib/python3.10/site-packages/arm_lab-0.0.0-py3.10.egg-info/dependency_links.txt
/workspace/MoMa-ArmLab/ros2_ws/install/arm_lab/lib/python3.10/site-packages/arm_lab-0.0.0-py3.10.egg-info/zip-safe
/workspace/MoMa-ArmLab/ros2_ws/install/arm_lab/lib/python3.10/site-packages/arm_lab-0.0.0-py3.10.egg-info/top_level.txt
/workspace/MoMa-ArmLab/ros2_ws/install/arm_lab/lib/python3.10/site-packages/arm_lab-0.0.0-py3.10.egg-info/SOURCES.txt
/workspace/MoMa-ArmLab/ros2_ws/install/arm_lab/lib/python3.10/site-packages/arm_lab-0.0.0-py3.10.egg-info/PKG-INFO
/workspace/MoMa-ArmLab/ros2_ws/install/arm_lab/lib/arm_lab/add_two_ints_server
/workspace/MoMa-ArmLab/ros2_ws/install/arm_lab/lib/arm_lab/fibonacci_action_server
/workspace/MoMa-ArmLab/ros2_ws/install/arm_lab/lib/arm_lab/hello_node
/workspace/MoMa-ArmLab/ros2_ws/install/arm_lab/lib/arm_lab/listener_node
/workspace/MoMa-ArmLab/ros2_ws/install/arm_lab/lib/arm_lab/parameter_node
/workspace/MoMa-ArmLab/ros2_ws/install/arm_lab/lib/arm_lab/static_tf_node
/workspace/MoMa-ArmLab/ros2_ws/install/arm_lab/lib/arm_lab/talker_node
