[0.176s] DEBUG:colcon:Command line arguments: ['/usr/bin/colcon', 'build']
[0.176s] DEBUG:colcon:Parsed command line arguments: Namespace(log_base=None, log_level=None, verb_name='build', build_base='build', install_base='install', merge_install=False, symlink_install=False, test_result_base=None, continue_on_error=False, executor='parallel', parallel_workers=8, event_handlers=None, ignore_user_meta=False, metas=['./colcon.meta'], base_paths=['.'], packages_ignore=None, packages_ignore_regex=None, paths=None, packages_up_to=None, packages_up_to_regex=None, packages_above=None, packages_above_and_dependencies=None, packages_above_depth=None, packages_select_by_dep=None, packages_skip_by_dep=None, packages_skip_up_to=None, packages_select_build_failed=False, packages_skip_build_finished=False, packages_select_test_failures=False, packages_skip_test_passed=False, packages_select=None, packages_skip=None, packages_select_regex=None, packages_skip_regex=None, packages_start=None, packages_end=None, cmake_args=None, cmake_target=None, cmake_target_skip_unavailable=False, cmake_clean_cache=False, cmake_clean_first=False, cmake_force_configure=False, ament_cmake_args=None, catkin_cmake_args=None, catkin_skip_building_tests=False, mixin_files=None, mixin=None, verb_parser=<colcon_mixin.mixin.mixin_argument.MixinArgumentDecorator object at 0x793fdd6abf40>, verb_extension=<colcon_core.verb.build.BuildVerb object at 0x793fdd860f70>, main=<bound method BuildVerb.main of <colcon_core.verb.build.BuildVerb object at 0x793fdd860f70>>, mixin_verb=('build',))
[0.387s] Level 1:colcon.colcon_core.package_discovery:discover_packages(colcon_meta) check parameters
[0.388s] INFO:colcon.colcon_metadata.package_discovery.colcon_meta:Using configuration from '/root/.colcon/metadata/default/Gazebo.meta'
[0.389s] INFO:colcon.colcon_metadata.package_discovery.colcon_meta:Using configuration from '/root/.colcon/metadata/default/fastdds.meta'
[0.390s] INFO:colcon.colcon_metadata.package_discovery.colcon_meta:Using configuration from '/root/.colcon/metadata/default/fastrtps.meta'
[0.390s] Level 1:colcon.colcon_core.package_discovery:discover_packages(recursive) check parameters
[0.390s] Level 1:colcon.colcon_core.package_discovery:discover_packages(ignore) check parameters
[0.390s] Level 1:colcon.colcon_core.package_discovery:discover_packages(path) check parameters
[0.390s] Level 1:colcon.colcon_core.package_discovery:discover_packages(colcon_meta) discover
[0.390s] Level 1:colcon.colcon_core.package_discovery:discover_packages(recursive) discover
[0.390s] INFO:colcon.colcon_core.package_discovery:Crawling recursively for packages in '/workspace/MoMa-ArmLab/ros2_ws'
[0.390s] Level 1:colcon.colcon_core.package_identification:_identify(.) by extensions ['ignore', 'ignore_ament_install']
[0.391s] Level 1:colcon.colcon_core.package_identification:_identify(.) by extension 'ignore'
[0.391s] Level 1:colcon.colcon_core.package_identification:_identify(.) by extension 'ignore_ament_install'
[0.391s] Level 1:colcon.colcon_core.package_identification:_identify(.) by extensions ['colcon_pkg']
[0.391s] Level 1:colcon.colcon_core.package_identification:_identify(.) by extension 'colcon_pkg'
[0.391s] Level 1:colcon.colcon_core.package_identification:_identify(.) by extensions ['colcon_meta']
[0.391s] Level 1:colcon.colcon_core.package_identification:_identify(.) by extension 'colcon_meta'
[0.391s] Level 1:colcon.colcon_core.package_identification:_identify(.) by extensions ['ros']
[0.391s] Level 1:colcon.colcon_core.package_identification:_identify(.) by extension 'ros'
[0.405s] Level 1:colcon.colcon_core.package_identification:_identify(.) by extensions ['cmake', 'python']
[0.405s] Level 1:colcon.colcon_core.package_identification:_identify(.) by extension 'cmake'
[0.405s] Level 1:colcon.colcon_core.package_identification:_identify(.) by extension 'python'
[0.406s] Level 1:colcon.colcon_core.package_identification:_identify(.) by extensions ['python_setup_py']
[0.406s] Level 1:colcon.colcon_core.package_identification:_identify(.) by extension 'python_setup_py'
[0.406s] Level 1:colcon.colcon_core.package_identification:_identify(build) by extensions ['ignore', 'ignore_ament_install']
[0.406s] Level 1:colcon.colcon_core.package_identification:_identify(build) by extension 'ignore'
[0.406s] Level 1:colcon.colcon_core.package_identification:_identify(build) ignored
[0.406s] Level 1:colcon.colcon_core.package_identification:_identify(install) by extensions ['ignore', 'ignore_ament_install']
[0.406s] Level 1:colcon.colcon_core.package_identification:_identify(install) by extension 'ignore'
[0.406s] Level 1:colcon.colcon_core.package_identification:_identify(install) ignored
[0.406s] Level 1:colcon.colcon_core.package_identification:_identify(log) by extensions ['ignore', 'ignore_ament_install']
[0.406s] Level 1:colcon.colcon_core.package_identification:_identify(log) by extension 'ignore'
[0.407s] Level 1:colcon.colcon_core.package_identification:_identify(log) ignored
[0.407s] Level 1:colcon.colcon_core.package_identification:_identify(src) by extensions ['ignore', 'ignore_ament_install']
[0.407s] Level 1:colcon.colcon_core.package_identification:_identify(src) by extension 'ignore'
[0.407s] Level 1:colcon.colcon_core.package_identification:_identify(src) by extension 'ignore_ament_install'
[0.407s] Level 1:colcon.colcon_core.package_identification:_identify(src) by extensions ['colcon_pkg']
[0.407s] Level 1:colcon.colcon_core.package_identification:_identify(src) by extension 'colcon_pkg'
[0.407s] Level 1:colcon.colcon_core.package_identification:_identify(src) by extensions ['colcon_meta']
[0.407s] Level 1:colcon.colcon_core.package_identification:_identify(src) by extension 'colcon_meta'
[0.407s] Level 1:colcon.colcon_core.package_identification:_identify(src) by extensions ['ros']
[0.407s] Level 1:colcon.colcon_core.package_identification:_identify(src) by extension 'ros'
[0.407s] Level 1:colcon.colcon_core.package_identification:_identify(src) by extensions ['cmake', 'python']
[0.407s] Level 1:colcon.colcon_core.package_identification:_identify(src) by extension 'cmake'
[0.407s] Level 1:colcon.colcon_core.package_identification:_identify(src) by extension 'python'
[0.407s] Level 1:colcon.colcon_core.package_identification:_identify(src) by extensions ['python_setup_py']
[0.407s] Level 1:colcon.colcon_core.package_identification:_identify(src) by extension 'python_setup_py'
[0.407s] Level 1:colcon.colcon_core.package_identification:_identify(src/arm_lab) by extensions ['ignore', 'ignore_ament_install']
[0.408s] Level 1:colcon.colcon_core.package_identification:_identify(src/arm_lab) by extension 'ignore'
[0.408s] Level 1:colcon.colcon_core.package_identification:_identify(src/arm_lab) by extension 'ignore_ament_install'
[0.408s] Level 1:colcon.colcon_core.package_identification:_identify(src/arm_lab) by extensions ['colcon_pkg']
[0.408s] Level 1:colcon.colcon_core.package_identification:_identify(src/arm_lab) by extension 'colcon_pkg'
[0.408s] Level 1:colcon.colcon_core.package_identification:_identify(src/arm_lab) by extensions ['colcon_meta']
[0.408s] Level 1:colcon.colcon_core.package_identification:_identify(src/arm_lab) by extension 'colcon_meta'
[0.408s] Level 1:colcon.colcon_core.package_identification:_identify(src/arm_lab) by extensions ['ros']
[0.408s] Level 1:colcon.colcon_core.package_identification:_identify(src/arm_lab) by extension 'ros'
[0.412s] DEBUG:colcon.colcon_core.package_identification:Package 'src/arm_lab' with type 'ros.ament_python' and name 'arm_lab'
[0.412s] Level 1:colcon.colcon_core.package_identification:_identify(src/arm_lab_moveit_config) by extensions ['ignore', 'ignore_ament_install']
[0.412s] Level 1:colcon.colcon_core.package_identification:_identify(src/arm_lab_moveit_config) by extension 'ignore'
[0.412s] Level 1:colcon.colcon_core.package_identification:_identify(src/arm_lab_moveit_config) by extension 'ignore_ament_install'
[0.412s] Level 1:colcon.colcon_core.package_identification:_identify(src/arm_lab_moveit_config) by extensions ['colcon_pkg']
[0.412s] Level 1:colcon.colcon_core.package_identification:_identify(src/arm_lab_moveit_config) by extension 'colcon_pkg'
[0.413s] Level 1:colcon.colcon_core.package_identification:_identify(src/arm_lab_moveit_config) by extensions ['colcon_meta']
[0.413s] Level 1:colcon.colcon_core.package_identification:_identify(src/arm_lab_moveit_config) by extension 'colcon_meta'
[0.413s] Level 1:colcon.colcon_core.package_identification:_identify(src/arm_lab_moveit_config) by extensions ['ros']
[0.413s] Level 1:colcon.colcon_core.package_identification:_identify(src/arm_lab_moveit_config) by extension 'ros'
[0.415s] DEBUG:colcon.colcon_core.package_identification:Package 'src/arm_lab_moveit_config' with type 'ros.ament_cmake' and name 'arm_lab_moveit_config'
[0.415s] Level 1:colcon.colcon_core.package_discovery:discover_packages(recursive) using defaults
[0.415s] Level 1:colcon.colcon_core.package_discovery:discover_packages(ignore) discover
[0.415s] Level 1:colcon.colcon_core.package_discovery:discover_packages(ignore) using defaults
[0.415s] Level 1:colcon.colcon_core.package_discovery:discover_packages(path) discover
[0.415s] Level 1:colcon.colcon_core.package_discovery:discover_packages(path) using defaults
[0.442s] Level 5:colcon.colcon_core.verb:set package 'arm_lab' build argument 'cmake_args' from command line to 'None'
[0.442s] Level 5:colcon.colcon_core.verb:set package 'arm_lab' build argument 'cmake_target' from command line to 'None'
[0.442s] Level 5:colcon.colcon_core.verb:set package 'arm_lab' build argument 'cmake_target_skip_unavailable' from command line to 'False'
[0.442s] Level 5:colcon.colcon_core.verb:set package 'arm_lab' build argument 'cmake_clean_cache' from command line to 'False'
[0.442s] Level 5:colcon.colcon_core.verb:set package 'arm_lab' build argument 'cmake_clean_first' from command line to 'False'
[0.442s] Level 5:colcon.colcon_core.verb:set package 'arm_lab' build argument 'cmake_force_configure' from command line to 'False'
[0.442s] Level 5:colcon.colcon_core.verb:set package 'arm_lab' build argument 'ament_cmake_args' from command line to 'None'
[0.442s] Level 5:colcon.colcon_core.verb:set package 'arm_lab' build argument 'catkin_cmake_args' from command line to 'None'
[0.442s] Level 5:colcon.colcon_core.verb:set package 'arm_lab' build argument 'catkin_skip_building_tests' from command line to 'False'
[0.442s] DEBUG:colcon.colcon_core.verb:Building package 'arm_lab' with the following arguments: {'ament_cmake_args': None, 'build_base': '/workspace/MoMa-ArmLab/ros2_ws/build/arm_lab', 'catkin_cmake_args': None, 'catkin_skip_building_tests': False, 'cmake_args': None, 'cmake_clean_cache': False, 'cmake_clean_first': False, 'cmake_force_configure': False, 'cmake_target': None, 'cmake_target_skip_unavailable': False, 'install_base': '/workspace/MoMa-ArmLab/ros2_ws/install/arm_lab', 'merge_install': False, 'path': '/workspace/MoMa-ArmLab/ros2_ws/src/arm_lab', 'symlink_install': False, 'test_result_base': None}
[0.443s] Level 5:colcon.colcon_core.verb:set package 'arm_lab_moveit_config' build argument 'cmake_args' from command line to 'None'
[0.443s] Level 5:colcon.colcon_core.verb:set package 'arm_lab_moveit_config' build argument 'cmake_target' from command line to 'None'
[0.443s] Level 5:colcon.colcon_core.verb:set package 'arm_lab_moveit_config' build argument 'cmake_target_skip_unavailable' from command line to 'False'
[0.443s] Level 5:colcon.colcon_core.verb:set package 'arm_lab_moveit_config' build argument 'cmake_clean_cache' from command line to 'False'
[0.443s] Level 5:colcon.colcon_core.verb:set package 'arm_lab_moveit_config' build argument 'cmake_clean_first' from command line to 'False'
[0.443s] Level 5:colcon.colcon_core.verb:set package 'arm_lab_moveit_config' build argument 'cmake_force_configure' from command line to 'False'
[0.443s] Level 5:colcon.colcon_core.verb:set package 'arm_lab_moveit_config' build argument 'ament_cmake_args' from command line to 'None'
[0.443s] Level 5:colcon.colcon_core.verb:set package 'arm_lab_moveit_config' build argument 'catkin_cmake_args' from command line to 'None'
[0.443s] Level 5:colcon.colcon_core.verb:set package 'arm_lab_moveit_config' build argument 'catkin_skip_building_tests' from command line to 'False'
[0.443s] DEBUG:colcon.colcon_core.verb:Building package 'arm_lab_moveit_config' with the following arguments: {'ament_cmake_args': None, 'build_base': '/workspace/MoMa-ArmLab/ros2_ws/build/arm_lab_moveit_config', 'catkin_cmake_args': None, 'catkin_skip_building_tests': False, 'cmake_args': None, 'cmake_clean_cache': False, 'cmake_clean_first': False, 'cmake_force_configure': False, 'cmake_target': None, 'cmake_target_skip_unavailable': False, 'install_base': '/workspace/MoMa-ArmLab/ros2_ws/install/arm_lab_moveit_config', 'merge_install': False, 'path': '/workspace/MoMa-ArmLab/ros2_ws/src/arm_lab_moveit_config', 'symlink_install': False, 'test_result_base': None}
[0.443s] INFO:colcon.colcon_core.executor:Executing jobs using 'parallel' executor
[0.446s] DEBUG:colcon.colcon_parallel_executor.executor.parallel:run_until_complete
[0.446s] INFO:colcon.colcon_ros.task.ament_python.build:Building ROS package in '/workspace/MoMa-ArmLab/ros2_ws/src/arm_lab' with build type 'ament_python'
[0.446s] Level 1:colcon.colcon_core.shell:create_environment_hook('arm_lab', 'ament_prefix_path')
[0.451s] INFO:colcon.colcon_core.plugin_system:Skipping extension 'colcon_core.shell.bat': Not used on non-Windows systems
[0.451s] INFO:colcon.colcon_core.shell:Creating environment hook '/workspace/MoMa-ArmLab/ros2_ws/install/arm_lab/share/arm_lab/hook/ament_prefix_path.ps1'
[0.453s] INFO:colcon.colcon_core.shell:Creating environment descriptor '/workspace/MoMa-ArmLab/ros2_ws/install/arm_lab/share/arm_lab/hook/ament_prefix_path.dsv'
[0.454s] INFO:colcon.colcon_core.shell:Creating environment hook '/workspace/MoMa-ArmLab/ros2_ws/install/arm_lab/share/arm_lab/hook/ament_prefix_path.sh'
[0.456s] INFO:colcon.colcon_core.shell:Skip shell extension 'powershell' for command environment: Not usable outside of PowerShell
[0.456s] DEBUG:colcon.colcon_core.shell:Skip shell extension 'dsv' for command environment
[0.824s] INFO:colcon.colcon_core.task.python.build:Building Python package in '/workspace/MoMa-ArmLab/ros2_ws/src/arm_lab'
[0.825s] INFO:colcon.colcon_core.shell:Skip shell extension 'powershell' for command environment: Not usable outside of PowerShell
[0.825s] DEBUG:colcon.colcon_core.shell:Skip shell extension 'dsv' for command environment
[1.315s] DEBUG:colcon.colcon_core.event_handler.log_command:Invoking command in '/workspace/MoMa-ArmLab/ros2_ws/src/arm_lab': PYTHONPATH=/workspace/MoMa-ArmLab/ros2_ws/build/arm_lab/prefix_override:/usr/lib/python3/dist-packages/colcon_core/task/python/colcon_distutils_commands:/workspace/MoMa-ArmLab/ros2_ws/install/arm_lab/lib/python3.10/site-packages:${PYTHONPATH} /usr/bin/python3 -W ignore:setup.py install is deprecated -W ignore:easy_install command is deprecated setup.py egg_info --egg-base ../../build/arm_lab build --build-base /workspace/MoMa-ArmLab/ros2_ws/build/arm_lab/build install --record /workspace/MoMa-ArmLab/ros2_ws/build/arm_lab/install.log --single-version-externally-managed install_data
[1.889s] DEBUG:colcon.colcon_core.event_handler.log_command:Invoked command in '/workspace/MoMa-ArmLab/ros2_ws/src/arm_lab' returned '0': PYTHONPATH=/workspace/MoMa-ArmLab/ros2_ws/build/arm_lab/prefix_override:/usr/lib/python3/dist-packages/colcon_core/task/python/colcon_distutils_commands:/workspace/MoMa-ArmLab/ros2_ws/install/arm_lab/lib/python3.10/site-packages:${PYTHONPATH} /usr/bin/python3 -W ignore:setup.py install is deprecated -W ignore:easy_install command is deprecated setup.py egg_info --egg-base ../../build/arm_lab build --build-base /workspace/MoMa-ArmLab/ros2_ws/build/arm_lab/build install --record /workspace/MoMa-ArmLab/ros2_ws/build/arm_lab/install.log --single-version-externally-managed install_data
[1.891s] Level 1:colcon.colcon_core.environment:checking '/workspace/MoMa-ArmLab/ros2_ws/install/arm_lab' for CMake module files
[1.892s] Level 1:colcon.colcon_core.environment:checking '/workspace/MoMa-ArmLab/ros2_ws/install/arm_lab' for CMake config files
[1.893s] Level 1:colcon.colcon_core.environment:checking '/workspace/MoMa-ArmLab/ros2_ws/install/arm_lab/lib'
[1.893s] Level 1:colcon.colcon_core.environment:checking '/workspace/MoMa-ArmLab/ros2_ws/install/arm_lab/bin'
[1.893s] Level 1:colcon.colcon_core.environment:checking '/workspace/MoMa-ArmLab/ros2_ws/install/arm_lab/lib/pkgconfig/arm_lab.pc'
[1.894s] Level 1:colcon.colcon_core.environment:checking '/workspace/MoMa-ArmLab/ros2_ws/install/arm_lab/lib/python3.10/site-packages'
[1.894s] Level 1:colcon.colcon_core.shell:create_environment_hook('arm_lab', 'pythonpath')
[1.894s] INFO:colcon.colcon_core.shell:Creating environment hook '/workspace/MoMa-ArmLab/ros2_ws/install/arm_lab/share/arm_lab/hook/pythonpath.ps1'
[1.895s] INFO:colcon.colcon_core.shell:Creating environment descriptor '/workspace/MoMa-ArmLab/ros2_ws/install/arm_lab/share/arm_lab/hook/pythonpath.dsv'
[1.895s] INFO:colcon.colcon_core.shell:Creating environment hook '/workspace/MoMa-ArmLab/ros2_ws/install/arm_lab/share/arm_lab/hook/pythonpath.sh'
[1.897s] Level 1:colcon.colcon_core.environment:checking '/workspace/MoMa-ArmLab/ros2_ws/install/arm_lab/bin'
[1.897s] Level 1:colcon.colcon_core.environment:create_environment_scripts_only(arm_lab)
[1.898s] INFO:colcon.colcon_core.shell:Creating package script '/workspace/MoMa-ArmLab/ros2_ws/install/arm_lab/share/arm_lab/package.ps1'
[1.899s] INFO:colcon.colcon_core.shell:Creating package descriptor '/workspace/MoMa-ArmLab/ros2_ws/install/arm_lab/share/arm_lab/package.dsv'
[1.900s] INFO:colcon.colcon_core.shell:Creating package script '/workspace/MoMa-ArmLab/ros2_ws/install/arm_lab/share/arm_lab/package.sh'
[1.901s] INFO:colcon.colcon_core.shell:Creating package script '/workspace/MoMa-ArmLab/ros2_ws/install/arm_lab/share/arm_lab/package.bash'
[1.902s] INFO:colcon.colcon_core.shell:Creating package script '/workspace/MoMa-ArmLab/ros2_ws/install/arm_lab/share/arm_lab/package.zsh'
[1.903s] Level 1:colcon.colcon_core.environment:create_file_with_runtime_dependencies(/workspace/MoMa-ArmLab/ros2_ws/install/arm_lab/share/colcon-core/packages/arm_lab)
[1.904s] INFO:colcon.colcon_ros.task.ament_cmake.build:Building ROS package in '/workspace/MoMa-ArmLab/ros2_ws/src/arm_lab_moveit_config' with build type 'ament_cmake'
[1.904s] INFO:colcon.colcon_cmake.task.cmake.build:Building CMake package in '/workspace/MoMa-ArmLab/ros2_ws/src/arm_lab_moveit_config'
[1.904s] INFO:colcon.colcon_core.shell:Skip shell extension 'powershell' for command environment: Not usable outside of PowerShell
[1.904s] DEBUG:colcon.colcon_core.shell:Skip shell extension 'dsv' for command environment
[1.922s] DEBUG:colcon.colcon_core.event_handler.log_command:Invoking command in '/workspace/MoMa-ArmLab/ros2_ws/build/arm_lab_moveit_config': CMAKE_PREFIX_PATH=/workspace/MoMa-ArmLab/ros2_ws/install/arm_lab:/opt/ros/humble /usr/bin/cmake /workspace/MoMa-ArmLab/ros2_ws/src/arm_lab_moveit_config -DCMAKE_INSTALL_PREFIX=/workspace/MoMa-ArmLab/ros2_ws/install/arm_lab_moveit_config
[2.229s] DEBUG:colcon.colcon_core.event_handler.log_command:Invoked command in '/workspace/MoMa-ArmLab/ros2_ws/build/arm_lab_moveit_config' returned '0': CMAKE_PREFIX_PATH=/workspace/MoMa-ArmLab/ros2_ws/install/arm_lab:/opt/ros/humble /usr/bin/cmake /workspace/MoMa-ArmLab/ros2_ws/src/arm_lab_moveit_config -DCMAKE_INSTALL_PREFIX=/workspace/MoMa-ArmLab/ros2_ws/install/arm_lab_moveit_config
[2.232s] DEBUG:colcon.colcon_core.event_handler.log_command:Invoking command in '/workspace/MoMa-ArmLab/ros2_ws/build/arm_lab_moveit_config': CMAKE_PREFIX_PATH=/workspace/MoMa-ArmLab/ros2_ws/install/arm_lab:/opt/ros/humble /usr/bin/cmake --build /workspace/MoMa-ArmLab/ros2_ws/build/arm_lab_moveit_config -- -j8 -l8
[2.287s] DEBUG:colcon.colcon_core.event_handler.log_command:Invoked command in '/workspace/MoMa-ArmLab/ros2_ws/build/arm_lab_moveit_config' returned '0': CMAKE_PREFIX_PATH=/workspace/MoMa-ArmLab/ros2_ws/install/arm_lab:/opt/ros/humble /usr/bin/cmake --build /workspace/MoMa-ArmLab/ros2_ws/build/arm_lab_moveit_config -- -j8 -l8
[2.301s] DEBUG:colcon.colcon_core.event_handler.log_command:Invoking command in '/workspace/MoMa-ArmLab/ros2_ws/build/arm_lab_moveit_config': CMAKE_PREFIX_PATH=/workspace/MoMa-ArmLab/ros2_ws/install/arm_lab:/opt/ros/humble /usr/bin/cmake --install /workspace/MoMa-ArmLab/ros2_ws/build/arm_lab_moveit_config
[2.326s] Level 1:colcon.colcon_core.environment:create_environment_scripts_only(arm_lab_moveit_config)
[2.327s] Level 1:colcon.colcon_core.environment:checking '/workspace/MoMa-ArmLab/ros2_ws/install/arm_lab_moveit_config' for CMake module files
[2.328s] DEBUG:colcon.colcon_core.event_handler.log_command:Invoked command in '/workspace/MoMa-ArmLab/ros2_ws/build/arm_lab_moveit_config' returned '0': CMAKE_PREFIX_PATH=/workspace/MoMa-ArmLab/ros2_ws/install/arm_lab:/opt/ros/humble /usr/bin/cmake --install /workspace/MoMa-ArmLab/ros2_ws/build/arm_lab_moveit_config
[2.328s] Level 1:colcon.colcon_core.environment:checking '/workspace/MoMa-ArmLab/ros2_ws/install/arm_lab_moveit_config' for CMake config files
[2.329s] Level 1:colcon.colcon_core.shell:create_environment_hook('arm_lab_moveit_config', 'cmake_prefix_path')
[2.329s] INFO:colcon.colcon_core.shell:Creating environment hook '/workspace/MoMa-ArmLab/ros2_ws/install/arm_lab_moveit_config/share/arm_lab_moveit_config/hook/cmake_prefix_path.ps1'
[2.330s] INFO:colcon.colcon_core.shell:Creating environment descriptor '/workspace/MoMa-ArmLab/ros2_ws/install/arm_lab_moveit_config/share/arm_lab_moveit_config/hook/cmake_prefix_path.dsv'
[2.330s] INFO:colcon.colcon_core.shell:Creating environment hook '/workspace/MoMa-ArmLab/ros2_ws/install/arm_lab_moveit_config/share/arm_lab_moveit_config/hook/cmake_prefix_path.sh'
[2.331s] Level 1:colcon.colcon_core.environment:checking '/workspace/MoMa-ArmLab/ros2_ws/install/arm_lab_moveit_config/bin'
[2.331s] Level 1:colcon.colcon_core.environment:checking '/workspace/MoMa-ArmLab/ros2_ws/install/arm_lab_moveit_config/lib/pkgconfig/arm_lab_moveit_config.pc'
[2.332s] Level 1:colcon.colcon_core.environment:checking '/workspace/MoMa-ArmLab/ros2_ws/install/arm_lab_moveit_config/lib/python3.10/site-packages'
[2.332s] Level 1:colcon.colcon_core.environment:checking '/workspace/MoMa-ArmLab/ros2_ws/install/arm_lab_moveit_config/bin'
[2.333s] INFO:colcon.colcon_core.shell:Creating package script '/workspace/MoMa-ArmLab/ros2_ws/install/arm_lab_moveit_config/share/arm_lab_moveit_config/package.ps1'
[2.334s] INFO:colcon.colcon_core.shell:Creating package descriptor '/workspace/MoMa-ArmLab/ros2_ws/install/arm_lab_moveit_config/share/arm_lab_moveit_config/package.dsv'
[2.335s] INFO:colcon.colcon_core.shell:Creating package script '/workspace/MoMa-ArmLab/ros2_ws/install/arm_lab_moveit_config/share/arm_lab_moveit_config/package.sh'
[2.335s] INFO:colcon.colcon_core.shell:Creating package script '/workspace/MoMa-ArmLab/ros2_ws/install/arm_lab_moveit_config/share/arm_lab_moveit_config/package.bash'
[2.336s] INFO:colcon.colcon_core.shell:Creating package script '/workspace/MoMa-ArmLab/ros2_ws/install/arm_lab_moveit_config/share/arm_lab_moveit_config/package.zsh'
[2.336s] Level 1:colcon.colcon_core.environment:create_file_with_runtime_dependencies(/workspace/MoMa-ArmLab/ros2_ws/install/arm_lab_moveit_config/share/colcon-core/packages/arm_lab_moveit_config)
[2.337s] Level 1:colcon.colcon_core.environment:create_environment_scripts_only(arm_lab_moveit_config)
[2.337s] Level 1:colcon.colcon_core.environment:checking '/workspace/MoMa-ArmLab/ros2_ws/install/arm_lab_moveit_config' for CMake module files
[2.338s] Level 1:colcon.colcon_core.environment:checking '/workspace/MoMa-ArmLab/ros2_ws/install/arm_lab_moveit_config' for CMake config files
[2.338s] Level 1:colcon.colcon_core.shell:create_environment_hook('arm_lab_moveit_config', 'cmake_prefix_path')
[2.338s] INFO:colcon.colcon_core.shell:Creating environment hook '/workspace/MoMa-ArmLab/ros2_ws/install/arm_lab_moveit_config/share/arm_lab_moveit_config/hook/cmake_prefix_path.ps1'
[2.339s] INFO:colcon.colcon_core.shell:Creating environment descriptor '/workspace/MoMa-ArmLab/ros2_ws/install/arm_lab_moveit_config/share/arm_lab_moveit_config/hook/cmake_prefix_path.dsv'
[2.339s] INFO:colcon.colcon_core.shell:Creating environment hook '/workspace/MoMa-ArmLab/ros2_ws/install/arm_lab_moveit_config/share/arm_lab_moveit_config/hook/cmake_prefix_path.sh'
[2.341s] Level 1:colcon.colcon_core.environment:checking '/workspace/MoMa-ArmLab/ros2_ws/install/arm_lab_moveit_config/bin'
[2.341s] Level 1:colcon.colcon_core.environment:checking '/workspace/MoMa-ArmLab/ros2_ws/install/arm_lab_moveit_config/lib/pkgconfig/arm_lab_moveit_config.pc'
[2.341s] Level 1:colcon.colcon_core.environment:checking '/workspace/MoMa-ArmLab/ros2_ws/install/arm_lab_moveit_config/lib/python3.10/site-packages'
[2.342s] Level 1:colcon.colcon_core.environment:checking '/workspace/MoMa-ArmLab/ros2_ws/install/arm_lab_moveit_config/bin'
[2.342s] INFO:colcon.colcon_core.shell:Creating package script '/workspace/MoMa-ArmLab/ros2_ws/install/arm_lab_moveit_config/share/arm_lab_moveit_config/package.ps1'
[2.343s] INFO:colcon.colcon_core.shell:Creating package descriptor '/workspace/MoMa-ArmLab/ros2_ws/install/arm_lab_moveit_config/share/arm_lab_moveit_config/package.dsv'
[2.344s] INFO:colcon.colcon_core.shell:Creating package script '/workspace/MoMa-ArmLab/ros2_ws/install/arm_lab_moveit_config/share/arm_lab_moveit_config/package.sh'
[2.345s] INFO:colcon.colcon_core.shell:Creating package script '/workspace/MoMa-ArmLab/ros2_ws/install/arm_lab_moveit_config/share/arm_lab_moveit_config/package.bash'
[2.345s] INFO:colcon.colcon_core.shell:Creating package script '/workspace/MoMa-ArmLab/ros2_ws/install/arm_lab_moveit_config/share/arm_lab_moveit_config/package.zsh'
[2.346s] Level 1:colcon.colcon_core.environment:create_file_with_runtime_dependencies(/workspace/MoMa-ArmLab/ros2_ws/install/arm_lab_moveit_config/share/colcon-core/packages/arm_lab_moveit_config)
[2.346s] DEBUG:colcon.colcon_parallel_executor.executor.parallel:closing loop
[2.346s] DEBUG:colcon.colcon_parallel_executor.executor.parallel:loop closed
[2.347s] DEBUG:colcon.colcon_parallel_executor.executor.parallel:run_until_complete finished with '0'
[2.347s] DEBUG:colcon.colcon_core.event_reactor:joining thread
[2.368s] INFO:colcon.colcon_core.plugin_system:Skipping extension 'colcon_notification.desktop_notification.notify_send': Could not find 'notify-send'
[2.369s] INFO:colcon.colcon_core.plugin_system:Skipping extension 'colcon_notification.desktop_notification.terminal_notifier': Not used on non-Darwin systems
[2.369s] INFO:colcon.colcon_core.plugin_system:Skipping extension 'colcon_notification.desktop_notification.win32': Not used on non-Windows systems
[2.369s] INFO:colcon.colcon_notification.desktop_notification:Sending desktop notification using 'notify2'
[2.372s] DEBUG:colcon.colcon_notification.desktop_notification.notify2:Failed to initialize notify2: org.freedesktop.DBus.Error.Spawn.ExecFailed: /usr/bin/dbus-launch terminated abnormally without any error message
[2.372s] DEBUG:colcon.colcon_core.event_reactor:joined thread
[2.373s] INFO:colcon.colcon_core.shell:Creating prefix script '/workspace/MoMa-ArmLab/ros2_ws/install/local_setup.ps1'
[2.377s] INFO:colcon.colcon_core.shell:Creating prefix util module '/workspace/MoMa-ArmLab/ros2_ws/install/_local_setup_util_ps1.py'
[2.381s] INFO:colcon.colcon_core.shell:Creating prefix chain script '/workspace/MoMa-ArmLab/ros2_ws/install/setup.ps1'
[2.385s] INFO:colcon.colcon_core.shell:Creating prefix script '/workspace/MoMa-ArmLab/ros2_ws/install/local_setup.sh'
[2.386s] INFO:colcon.colcon_core.shell:Creating prefix util module '/workspace/MoMa-ArmLab/ros2_ws/install/_local_setup_util_sh.py'
[2.387s] INFO:colcon.colcon_core.shell:Creating prefix chain script '/workspace/MoMa-ArmLab/ros2_ws/install/setup.sh'
[2.390s] INFO:colcon.colcon_core.shell:Creating prefix script '/workspace/MoMa-ArmLab/ros2_ws/install/local_setup.bash'
[2.391s] INFO:colcon.colcon_core.shell:Creating prefix chain script '/workspace/MoMa-ArmLab/ros2_ws/install/setup.bash'
[2.393s] INFO:colcon.colcon_core.shell:Creating prefix script '/workspace/MoMa-ArmLab/ros2_ws/install/local_setup.zsh'
[2.395s] INFO:colcon.colcon_core.shell:Creating prefix chain script '/workspace/MoMa-ArmLab/ros2_ws/install/setup.zsh'
