[0.596s] Invoking command in '/home/akasha/MoMa-ArmLab/ros2_ws/src/arm_lab': PYTHONPATH=/home/akasha/MoMa-ArmLab/ros2_ws/build/arm_lab/prefix_override:/usr/lib/python3/dist-packages/colcon_core/task/python/colcon_distutils_commands:/home/akasha/MoMa-ArmLab/ros2_ws/install/arm_lab/lib/python3.10/site-packages:${PYTHONPATH} /usr/bin/python3 -W ignore:setup.py install is deprecated -W ignore:easy_install command is deprecated setup.py egg_info --egg-base ../../build/arm_lab build --build-base /home/akasha/MoMa-ArmLab/ros2_ws/build/arm_lab/build install --record /home/akasha/MoMa-ArmLab/ros2_ws/build/arm_lab/install.log --single-version-externally-managed install_data
[0.831s] running egg_info
[0.832s] writing ../../build/arm_lab/arm_lab.egg-info/PKG-INFO
[0.832s] writing dependency_links to ../../build/arm_lab/arm_lab.egg-info/dependency_links.txt
[0.832s] writing entry points to ../../build/arm_lab/arm_lab.egg-info/entry_points.txt
[0.832s] writing requirements to ../../build/arm_lab/arm_lab.egg-info/requires.txt
[0.832s] writing top-level names to ../../build/arm_lab/arm_lab.egg-info/top_level.txt
[0.834s] reading manifest file '../../build/arm_lab/arm_lab.egg-info/SOURCES.txt'
[0.835s] writing manifest file '../../build/arm_lab/arm_lab.egg-info/SOURCES.txt'
[0.835s] running build
[0.835s] running build_py
[0.836s] running install
[0.836s] running install_lib
[0.837s] running install_data
[0.837s] copying launch/spawn_robot_gazebo.launch.py -> /home/akasha/MoMa-ArmLab/ros2_ws/install/arm_lab/share/arm_lab/launch
[0.837s] running install_egg_info
[0.839s] removing '/home/akasha/MoMa-ArmLab/ros2_ws/install/arm_lab/lib/python3.10/site-packages/arm_lab-0.0.0-py3.10.egg-info' (and everything under it)
[0.839s] Copying ../../build/arm_lab/arm_lab.egg-info to /home/akasha/MoMa-ArmLab/ros2_ws/install/arm_lab/lib/python3.10/site-packages/arm_lab-0.0.0-py3.10.egg-info
[0.840s] running install_scripts
[0.858s] Installing add_two_ints_server script to /home/akasha/MoMa-ArmLab/ros2_ws/install/arm_lab/lib/arm_lab
[0.858s] Installing fibonacci_action_server script to /home/akasha/MoMa-ArmLab/ros2_ws/install/arm_lab/lib/arm_lab
[0.858s] Installing hello_node script to /home/akasha/MoMa-ArmLab/ros2_ws/install/arm_lab/lib/arm_lab
[0.858s] Installing listener_node script to /home/akasha/MoMa-ArmLab/ros2_ws/install/arm_lab/lib/arm_lab
[0.859s] Installing parameter_node script to /home/akasha/MoMa-ArmLab/ros2_ws/install/arm_lab/lib/arm_lab
[0.859s] Installing static_tf_node script to /home/akasha/MoMa-ArmLab/ros2_ws/install/arm_lab/lib/arm_lab
[0.859s] Installing talker_node script to /home/akasha/MoMa-ArmLab/ros2_ws/install/arm_lab/lib/arm_lab
[0.859s] writing list of installed files to '/home/akasha/MoMa-ArmLab/ros2_ws/build/arm_lab/install.log'
[0.880s] Invoked command in '/home/akasha/MoMa-ArmLab/ros2_ws/src/arm_lab' returned '0': PYTHONPATH=/home/akasha/MoMa-ArmLab/ros2_ws/build/arm_lab/prefix_override:/usr/lib/python3/dist-packages/colcon_core/task/python/colcon_distutils_commands:/home/akasha/MoMa-ArmLab/ros2_ws/install/arm_lab/lib/python3.10/site-packages:${PYTHONPATH} /usr/bin/python3 -W ignore:setup.py install is deprecated -W ignore:easy_install command is deprecated setup.py egg_info --egg-base ../../build/arm_lab build --build-base /home/akasha/MoMa-ArmLab/ros2_ws/build/arm_lab/build install --record /home/akasha/MoMa-ArmLab/ros2_ws/build/arm_lab/install.log --single-version-externally-managed install_data
