[0.390s] Invoking command in '/workspace/MoMa-ArmLab/ros2_ws/build/arm_lab_moveit_config': /usr/bin/cmake /workspace/MoMa-ArmLab/ros2_ws/src/arm_lab_moveit_config -DCMAKE_INSTALL_PREFIX=/workspace/MoMa-ArmLab/ros2_ws/install/arm_lab_moveit_config
[0.417s] -- Found ament_cmake: 1.3.14 (/opt/ros/humble/share/ament_cmake/cmake)
[0.766s] Error parsing '/workspace/MoMa-ArmLab/ros2_ws/src/arm_lab_moveit_config/package.xml':
[0.767s] Traceback (most recent call last):
[0.767s]   File "/opt/ros/humble/share/ament_cmake_core/cmake/core/package_xml_2_cmake.py", line 150, in <module>
[0.769s]     main()
[0.769s]   File "/opt/ros/humble/share/ament_cmake_core/cmake/core/package_xml_2_cmake.py", line 53, in main
[0.769s]     raise e
[0.770s]   File "/opt/ros/humble/share/ament_cmake_core/cmake/core/package_xml_2_cmake.py", line 49, in main
[0.770s]     package = parse_package_string(
[0.771s]   File "/usr/lib/python3/dist-packages/catkin_pkg/package.py", line 788, in parse_package_string
[0.771s]     pkg.validate(warnings=warnings)
[0.772s]   File "/usr/lib/python3/dist-packages/catkin_pkg/package.py", line 330, in validate
[0.772s]     raise InvalidPackage('\n'.join(errors), self.filename)
[0.772s] catkin_pkg.package.InvalidPackage: Error(s) in package '/workspace/MoMa-ArmLab/ros2_ws/src/arm_lab_moveit_config/package.xml':
[0.773s] Invalid email "" for person "Akasha Amaar"
[0.773s] Maintainers must have an email address
[0.774s] Invalid email "" for person "Akasha Amaar"
[0.785s] [31mCMake Error at /opt/ros/humble/share/ament_cmake_core/cmake/core/ament_package_xml.cmake:95 (message):
[0.785s]   execute_process(/usr/bin/python3
[0.786s]   /opt/ros/humble/share/ament_cmake_core/cmake/core/package_xml_2_cmake.py
[0.786s]   /workspace/MoMa-ArmLab/ros2_ws/src/arm_lab_moveit_config/package.xml
[0.786s]   /workspace/MoMa-ArmLab/ros2_ws/build/arm_lab_moveit_config/ament_cmake_core/package.cmake)
[0.786s]   returned error code 1
[0.786s] Call Stack (most recent call first):
[0.786s]   /opt/ros/humble/share/ament_cmake_core/cmake/core/ament_package_xml.cmake:49 (_ament_package_xml)
[0.787s]   /opt/ros/humble/share/ament_cmake_core/cmake/core/ament_package.cmake:63 (ament_package_xml)
[0.787s]   CMakeLists.txt:6 (ament_package)
[0.787s] 
[0.787s] [0m
[0.787s] -- Configuring incomplete, errors occurred!
[0.787s] See also "/workspace/MoMa-ArmLab/ros2_ws/build/arm_lab_moveit_config/CMakeFiles/CMakeOutput.log".
[0.792s] Invoked command in '/workspace/MoMa-ArmLab/ros2_ws/build/arm_lab_moveit_config' returned '1': /usr/bin/cmake /workspace/MoMa-ArmLab/ros2_ws/src/arm_lab_moveit_config -DCMAKE_INSTALL_PREFIX=/workspace/MoMa-ArmLab/ros2_ws/install/arm_lab_moveit_config
