[0.747s] Invoking command in '/home/akasha/MoMa-ArmLab/ros2_ws/src/arm_lab': PYTHONPATH=/home/akasha/MoMa-ArmLab/ros2_ws/build/arm_lab/prefix_override:/usr/lib/python3/dist-packages/colcon_core/task/python/colcon_distutils_commands:/home/akasha/MoMa-ArmLab/ros2_ws/install/arm_lab/lib/python3.10/site-packages:${PYTHONPATH} /usr/bin/python3 -W ignore:setup.py install is deprecated -W ignore:easy_install command is deprecated setup.py egg_info --egg-base ../../build/arm_lab build --build-base /home/akasha/MoMa-ArmLab/ros2_ws/build/arm_lab/build install --record /home/akasha/MoMa-ArmLab/ros2_ws/build/arm_lab/install.log --single-version-externally-managed install_data
[1.005s] running egg_info
[1.005s] writing ../../build/arm_lab/arm_lab.egg-info/PKG-INFO
[1.006s] writing dependency_links to ../../build/arm_lab/arm_lab.egg-info/dependency_links.txt
[1.006s] writing entry points to ../../build/arm_lab/arm_lab.egg-info/entry_points.txt
[1.006s] writing requirements to ../../build/arm_lab/arm_lab.egg-info/requires.txt
[1.006s] writing top-level names to ../../build/arm_lab/arm_lab.egg-info/top_level.txt
[1.008s] reading manifest file '../../build/arm_lab/arm_lab.egg-info/SOURCES.txt'
[1.010s] writing manifest file '../../build/arm_lab/arm_lab.egg-info/SOURCES.txt'
[1.010s] running build
[1.010s] running build_py
[1.013s] running install
[1.013s] running install_lib
[1.015s] running install_data
[1.017s] copying urdf/simple_robot.urdf -> /home/akasha/MoMa-ArmLab/ros2_ws/install/arm_lab/share/arm_lab/urdf
[1.017s] running install_egg_info
[1.019s] removing '/home/akasha/MoMa-ArmLab/ros2_ws/install/arm_lab/lib/python3.10/site-packages/arm_lab-0.0.0-py3.10.egg-info' (and everything under it)
[1.019s] Copying ../../build/arm_lab/arm_lab.egg-info to /home/akasha/MoMa-ArmLab/ros2_ws/install/arm_lab/lib/python3.10/site-packages/arm_lab-0.0.0-py3.10.egg-info
[1.020s] running install_scripts
[1.039s] Installing add_two_ints_server script to /home/akasha/MoMa-ArmLab/ros2_ws/install/arm_lab/lib/arm_lab
[1.039s] Installing fibonacci_action_server script to /home/akasha/MoMa-ArmLab/ros2_ws/install/arm_lab/lib/arm_lab
[1.039s] Installing hello_node script to /home/akasha/MoMa-ArmLab/ros2_ws/install/arm_lab/lib/arm_lab
[1.039s] Installing listener_node script to /home/akasha/MoMa-ArmLab/ros2_ws/install/arm_lab/lib/arm_lab
[1.039s] Installing parameter_node script to /home/akasha/MoMa-ArmLab/ros2_ws/install/arm_lab/lib/arm_lab
[1.039s] Installing static_tf_node script to /home/akasha/MoMa-ArmLab/ros2_ws/install/arm_lab/lib/arm_lab
[1.039s] Installing talker_node script to /home/akasha/MoMa-ArmLab/ros2_ws/install/arm_lab/lib/arm_lab
[1.040s] writing list of installed files to '/home/akasha/MoMa-ArmLab/ros2_ws/build/arm_lab/install.log'
[1.064s] Invoked command in '/home/akasha/MoMa-ArmLab/ros2_ws/src/arm_lab' returned '0': PYTHONPATH=/home/akasha/MoMa-ArmLab/ros2_ws/build/arm_lab/prefix_override:/usr/lib/python3/dist-packages/colcon_core/task/python/colcon_distutils_commands:/home/akasha/MoMa-ArmLab/ros2_ws/install/arm_lab/lib/python3.10/site-packages:${PYTHONPATH} /usr/bin/python3 -W ignore:setup.py install is deprecated -W ignore:easy_install command is deprecated setup.py egg_info --egg-base ../../build/arm_lab build --build-base /home/akasha/MoMa-ArmLab/ros2_ws/build/arm_lab/build install --record /home/akasha/MoMa-ArmLab/ros2_ws/build/arm_lab/install.log --single-version-externally-managed install_data
