[0.563s] Invoking command in '/workspace/MoMa-ArmLab/ros2_ws/src/arm_lab': PYTHONPATH=/workspace/MoMa-ArmLab/ros2_ws/build/arm_lab/prefix_override:/usr/lib/python3/dist-packages/colcon_core/task/python/colcon_distutils_commands:/workspace/MoMa-ArmLab/ros2_ws/install/arm_lab/lib/python3.10/site-packages:${PYTHONPATH} /usr/bin/python3 -W ignore:setup.py install is deprecated -W ignore:easy_install command is deprecated setup.py egg_info --egg-base ../../build/arm_lab build --build-base /workspace/MoMa-ArmLab/ros2_ws/build/arm_lab/build install --record /workspace/MoMa-ArmLab/ros2_ws/build/arm_lab/install.log --single-version-externally-managed install_data
[0.776s] running egg_info
[0.776s] writing ../../build/arm_lab/arm_lab.egg-info/PKG-INFO
[0.776s] writing dependency_links to ../../build/arm_lab/arm_lab.egg-info/dependency_links.txt
[0.776s] writing entry points to ../../build/arm_lab/arm_lab.egg-info/entry_points.txt
[0.777s] writing requirements to ../../build/arm_lab/arm_lab.egg-info/requires.txt
[0.777s] writing top-level names to ../../build/arm_lab/arm_lab.egg-info/top_level.txt
[0.778s] reading manifest file '../../build/arm_lab/arm_lab.egg-info/SOURCES.txt'
[0.779s] writing manifest file '../../build/arm_lab/arm_lab.egg-info/SOURCES.txt'
[0.779s] running build
[0.779s] running build_py
[0.780s] running install
[0.780s] running install_lib
[0.781s] running install_data
[0.782s] running install_egg_info
[0.783s] removing '/workspace/MoMa-ArmLab/ros2_ws/install/arm_lab/lib/python3.10/site-packages/arm_lab-0.0.0-py3.10.egg-info' (and everything under it)
[0.784s] Copying ../../build/arm_lab/arm_lab.egg-info to /workspace/MoMa-ArmLab/ros2_ws/install/arm_lab/lib/python3.10/site-packages/arm_lab-0.0.0-py3.10.egg-info
[0.784s] running install_scripts
[0.803s] Installing add_two_ints_server script to /workspace/MoMa-ArmLab/ros2_ws/install/arm_lab/lib/arm_lab
[0.803s] Installing fibonacci_action_server script to /workspace/MoMa-ArmLab/ros2_ws/install/arm_lab/lib/arm_lab
[0.803s] Installing hello_node script to /workspace/MoMa-ArmLab/ros2_ws/install/arm_lab/lib/arm_lab
[0.803s] Installing listener_node script to /workspace/MoMa-ArmLab/ros2_ws/install/arm_lab/lib/arm_lab
[0.804s] Installing parameter_node script to /workspace/MoMa-ArmLab/ros2_ws/install/arm_lab/lib/arm_lab
[0.804s] Installing static_tf_node script to /workspace/MoMa-ArmLab/ros2_ws/install/arm_lab/lib/arm_lab
[0.804s] Installing talker_node script to /workspace/MoMa-ArmLab/ros2_ws/install/arm_lab/lib/arm_lab
[0.804s] writing list of installed files to '/workspace/MoMa-ArmLab/ros2_ws/build/arm_lab/install.log'
[0.824s] Invoked command in '/workspace/MoMa-ArmLab/ros2_ws/src/arm_lab' returned '0': PYTHONPATH=/workspace/MoMa-ArmLab/ros2_ws/build/arm_lab/prefix_override:/usr/lib/python3/dist-packages/colcon_core/task/python/colcon_distutils_commands:/workspace/MoMa-ArmLab/ros2_ws/install/arm_lab/lib/python3.10/site-packages:${PYTHONPATH} /usr/bin/python3 -W ignore:setup.py install is deprecated -W ignore:easy_install command is deprecated setup.py egg_info --egg-base ../../build/arm_lab build --build-base /workspace/MoMa-ArmLab/ros2_ws/build/arm_lab/build install --record /workspace/MoMa-ArmLab/ros2_ws/build/arm_lab/install.log --single-version-externally-managed install_data
