[0.597s] Invoking command in '/home/akasha/MoMa-ArmLab/ros2_ws/src/arm_lab': PYTHONPATH=/home/akasha/MoMa-ArmLab/ros2_ws/build/arm_lab/prefix_override:/usr/lib/python3/dist-packages/colcon_core/task/python/colcon_distutils_commands:/home/akasha/MoMa-ArmLab/ros2_ws/install/arm_lab/lib/python3.10/site-packages:${PYTHONPATH} /usr/bin/python3 -W ignore:setup.py install is deprecated -W ignore:easy_install command is deprecated setup.py egg_info --egg-base ../../build/arm_lab build --build-base /home/akasha/MoMa-ArmLab/ros2_ws/build/arm_lab/build install --record /home/akasha/MoMa-ArmLab/ros2_ws/build/arm_lab/install.log --single-version-externally-managed install_data
[0.837s] running egg_info
[0.837s] writing ../../build/arm_lab/arm_lab.egg-info/PKG-INFO
[0.838s] writing dependency_links to ../../build/arm_lab/arm_lab.egg-info/dependency_links.txt
[0.838s] writing entry points to ../../build/arm_lab/arm_lab.egg-info/entry_points.txt
[0.838s] writing requirements to ../../build/arm_lab/arm_lab.egg-info/requires.txt
[0.838s] writing top-level names to ../../build/arm_lab/arm_lab.egg-info/top_level.txt
[0.839s] reading manifest file '../../build/arm_lab/arm_lab.egg-info/SOURCES.txt'
[0.840s] writing manifest file '../../build/arm_lab/arm_lab.egg-info/SOURCES.txt'
[0.840s] running build
[0.840s] running build_py
[0.841s] running install
[0.841s] running install_lib
[0.842s] running install_data
[0.842s] copying launch/parameter.launch.py -> /home/akasha/MoMa-ArmLab/ros2_ws/install/arm_lab/share/arm_lab/launch
[0.843s] creating /home/akasha/MoMa-ArmLab/ros2_ws/install/arm_lab/share/arm_lab/config
[0.843s] copying config/arm_lab_params.yaml -> /home/akasha/MoMa-ArmLab/ros2_ws/install/arm_lab/share/arm_lab/config
[0.843s] running install_egg_info
[0.845s] removing '/home/akasha/MoMa-ArmLab/ros2_ws/install/arm_lab/lib/python3.10/site-packages/arm_lab-0.0.0-py3.10.egg-info' (and everything under it)
[0.845s] Copying ../../build/arm_lab/arm_lab.egg-info to /home/akasha/MoMa-ArmLab/ros2_ws/install/arm_lab/lib/python3.10/site-packages/arm_lab-0.0.0-py3.10.egg-info
[0.846s] running install_scripts
[0.865s] Installing add_two_ints_server script to /home/akasha/MoMa-ArmLab/ros2_ws/install/arm_lab/lib/arm_lab
[0.865s] Installing fibonacci_action_server script to /home/akasha/MoMa-ArmLab/ros2_ws/install/arm_lab/lib/arm_lab
[0.865s] Installing hello_node script to /home/akasha/MoMa-ArmLab/ros2_ws/install/arm_lab/lib/arm_lab
[0.865s] Installing listener_node script to /home/akasha/MoMa-ArmLab/ros2_ws/install/arm_lab/lib/arm_lab
[0.865s] Installing parameter_node script to /home/akasha/MoMa-ArmLab/ros2_ws/install/arm_lab/lib/arm_lab
[0.865s] Installing talker_node script to /home/akasha/MoMa-ArmLab/ros2_ws/install/arm_lab/lib/arm_lab
[0.866s] writing list of installed files to '/home/akasha/MoMa-ArmLab/ros2_ws/build/arm_lab/install.log'
[0.888s] Invoked command in '/home/akasha/MoMa-ArmLab/ros2_ws/src/arm_lab' returned '0': PYTHONPATH=/home/akasha/MoMa-ArmLab/ros2_ws/build/arm_lab/prefix_override:/usr/lib/python3/dist-packages/colcon_core/task/python/colcon_distutils_commands:/home/akasha/MoMa-ArmLab/ros2_ws/install/arm_lab/lib/python3.10/site-packages:${PYTHONPATH} /usr/bin/python3 -W ignore:setup.py install is deprecated -W ignore:easy_install command is deprecated setup.py egg_info --egg-base ../../build/arm_lab build --build-base /home/akasha/MoMa-ArmLab/ros2_ws/build/arm_lab/build install --record /home/akasha/MoMa-ArmLab/ros2_ws/build/arm_lab/install.log --single-version-externally-managed install_data
