[0.016s] Invoking command in '/workspace/MoMa-ArmLab/ros2_ws/build/arm_lab_moveit_config': CMAKE_PREFIX_PATH=/workspace/MoMa-ArmLab/ros2_ws/install/arm_lab:/opt/ros/humble /usr/bin/cmake /workspace/MoMa-ArmLab/ros2_ws/src/arm_lab_moveit_config -DCMAKE_INSTALL_PREFIX=/workspace/MoMa-ArmLab/ros2_ws/install/arm_lab_moveit_config
[0.030s] -- Found ament_cmake: 1.3.14 (/opt/ros/humble/share/ament_cmake/cmake)
[0.315s] -- Configuring done
[0.319s] -- Generating done
[0.321s] -- Build files have been written to: /workspace/MoMa-ArmLab/ros2_ws/build/arm_lab_moveit_config
[0.324s] Invoked command in '/workspace/MoMa-ArmLab/ros2_ws/build/arm_lab_moveit_config' returned '0': CMAKE_PREFIX_PATH=/workspace/MoMa-ArmLab/ros2_ws/install/arm_lab:/opt/ros/humble /usr/bin/cmake /workspace/MoMa-ArmLab/ros2_ws/src/arm_lab_moveit_config -DCMAKE_INSTALL_PREFIX=/workspace/MoMa-ArmLab/ros2_ws/install/arm_lab_moveit_config
[0.326s] Invoking command in '/workspace/MoMa-ArmLab/ros2_ws/build/arm_lab_moveit_config': CMAKE_PREFIX_PATH=/workspace/MoMa-ArmLab/ros2_ws/install/arm_lab:/opt/ros/humble /usr/bin/cmake --build /workspace/MoMa-ArmLab/ros2_ws/build/arm_lab_moveit_config -- -j8 -l8
[0.381s] Invoked command in '/workspace/MoMa-ArmLab/ros2_ws/build/arm_lab_moveit_config' returned '0': CMAKE_PREFIX_PATH=/workspace/MoMa-ArmLab/ros2_ws/install/arm_lab:/opt/ros/humble /usr/bin/cmake --build /workspace/MoMa-ArmLab/ros2_ws/build/arm_lab_moveit_config -- -j8 -l8
[0.396s] Invoking command in '/workspace/MoMa-ArmLab/ros2_ws/build/arm_lab_moveit_config': CMAKE_PREFIX_PATH=/workspace/MoMa-ArmLab/ros2_ws/install/arm_lab:/opt/ros/humble /usr/bin/cmake --install /workspace/MoMa-ArmLab/ros2_ws/build/arm_lab_moveit_config
[0.408s] -- Install configuration: ""
[0.409s] -- Installing: /workspace/MoMa-ArmLab/ros2_ws/install/arm_lab_moveit_config/share/ament_index/resource_index/package_run_dependencies/arm_lab_moveit_config
[0.409s] -- Installing: /workspace/MoMa-ArmLab/ros2_ws/install/arm_lab_moveit_config/share/ament_index/resource_index/parent_prefix_path/arm_lab_moveit_config
[0.410s] -- Installing: /workspace/MoMa-ArmLab/ros2_ws/install/arm_lab_moveit_config/share/arm_lab_moveit_config/environment/ament_prefix_path.sh
[0.410s] -- Installing: /workspace/MoMa-ArmLab/ros2_ws/install/arm_lab_moveit_config/share/arm_lab_moveit_config/environment/ament_prefix_path.dsv
[0.410s] -- Installing: /workspace/MoMa-ArmLab/ros2_ws/install/arm_lab_moveit_config/share/arm_lab_moveit_config/environment/path.sh
[0.411s] -- Installing: /workspace/MoMa-ArmLab/ros2_ws/install/arm_lab_moveit_config/share/arm_lab_moveit_config/environment/path.dsv
[0.411s] -- Installing: /workspace/MoMa-ArmLab/ros2_ws/install/arm_lab_moveit_config/share/arm_lab_moveit_config/local_setup.bash
[0.411s] -- Installing: /workspace/MoMa-ArmLab/ros2_ws/install/arm_lab_moveit_config/share/arm_lab_moveit_config/local_setup.sh
[0.412s] -- Installing: /workspace/MoMa-ArmLab/ros2_ws/install/arm_lab_moveit_config/share/arm_lab_moveit_config/local_setup.zsh
[0.412s] -- Installing: /workspace/MoMa-ArmLab/ros2_ws/install/arm_lab_moveit_config/share/arm_lab_moveit_config/local_setup.dsv
[0.412s] -- Installing: /workspace/MoMa-ArmLab/ros2_ws/install/arm_lab_moveit_config/share/arm_lab_moveit_config/package.dsv
[0.413s] -- Installing: /workspace/MoMa-ArmLab/ros2_ws/install/arm_lab_moveit_config/share/ament_index/resource_index/packages/arm_lab_moveit_config
[0.413s] -- Installing: /workspace/MoMa-ArmLab/ros2_ws/install/arm_lab_moveit_config/share/arm_lab_moveit_config/cmake/arm_lab_moveit_configConfig.cmake
[0.413s] -- Installing: /workspace/MoMa-ArmLab/ros2_ws/install/arm_lab_moveit_config/share/arm_lab_moveit_config/cmake/arm_lab_moveit_configConfig-version.cmake
[0.414s] -- Installing: /workspace/MoMa-ArmLab/ros2_ws/install/arm_lab_moveit_config/share/arm_lab_moveit_config/package.xml
[0.414s] -- Installing: /workspace/MoMa-ArmLab/ros2_ws/install/arm_lab_moveit_config/share/arm_lab_moveit_config/launch
[0.414s] -- Installing: /workspace/MoMa-ArmLab/ros2_ws/install/arm_lab_moveit_config/share/arm_lab_moveit_config/launch/demo.launch.py
[0.414s] -- Installing: /workspace/MoMa-ArmLab/ros2_ws/install/arm_lab_moveit_config/share/arm_lab_moveit_config/launch/moveit_rviz.launch.py
[0.414s] -- Installing: /workspace/MoMa-ArmLab/ros2_ws/install/arm_lab_moveit_config/share/arm_lab_moveit_config/launch/warehouse_db.launch.py
[0.415s] -- Installing: /workspace/MoMa-ArmLab/ros2_ws/install/arm_lab_moveit_config/share/arm_lab_moveit_config/launch/rsp.launch.py
[0.415s] -- Installing: /workspace/MoMa-ArmLab/ros2_ws/install/arm_lab_moveit_config/share/arm_lab_moveit_config/launch/move_group.launch.py
[0.415s] -- Installing: /workspace/MoMa-ArmLab/ros2_ws/install/arm_lab_moveit_config/share/arm_lab_moveit_config/launch/setup_assistant.launch.py
[0.415s] -- Installing: /workspace/MoMa-ArmLab/ros2_ws/install/arm_lab_moveit_config/share/arm_lab_moveit_config/launch/spawn_controllers.launch.py
[0.416s] -- Installing: /workspace/MoMa-ArmLab/ros2_ws/install/arm_lab_moveit_config/share/arm_lab_moveit_config/launch/static_virtual_joint_tfs.launch.py
[0.416s] -- Installing: /workspace/MoMa-ArmLab/ros2_ws/install/arm_lab_moveit_config/share/arm_lab_moveit_config/config
[0.416s] -- Installing: /workspace/MoMa-ArmLab/ros2_ws/install/arm_lab_moveit_config/share/arm_lab_moveit_config/config/simple_robot.ros2_control.xacro
[0.416s] -- Installing: /workspace/MoMa-ArmLab/ros2_ws/install/arm_lab_moveit_config/share/arm_lab_moveit_config/config/initial_positions.yaml
[0.417s] -- Installing: /workspace/MoMa-ArmLab/ros2_ws/install/arm_lab_moveit_config/share/arm_lab_moveit_config/config/pilz_cartesian_limits.yaml
[0.417s] -- Installing: /workspace/MoMa-ArmLab/ros2_ws/install/arm_lab_moveit_config/share/arm_lab_moveit_config/config/kinematics.yaml
[0.417s] -- Installing: /workspace/MoMa-ArmLab/ros2_ws/install/arm_lab_moveit_config/share/arm_lab_moveit_config/config/simple_robot.urdf.xacro
[0.417s] -- Installing: /workspace/MoMa-ArmLab/ros2_ws/install/arm_lab_moveit_config/share/arm_lab_moveit_config/config/joint_limits.yaml
[0.418s] -- Installing: /workspace/MoMa-ArmLab/ros2_ws/install/arm_lab_moveit_config/share/arm_lab_moveit_config/config/simple_robot.srdf
[0.418s] -- Installing: /workspace/MoMa-ArmLab/ros2_ws/install/arm_lab_moveit_config/share/arm_lab_moveit_config/config/moveit.rviz
[0.418s] -- Installing: /workspace/MoMa-ArmLab/ros2_ws/install/arm_lab_moveit_config/share/arm_lab_moveit_config/config/ros2_controllers.yaml
[0.418s] -- Installing: /workspace/MoMa-ArmLab/ros2_ws/install/arm_lab_moveit_config/share/arm_lab_moveit_config/.setup_assistant
[0.422s] Invoked command in '/workspace/MoMa-ArmLab/ros2_ws/build/arm_lab_moveit_config' returned '0': CMAKE_PREFIX_PATH=/workspace/MoMa-ArmLab/ros2_ws/install/arm_lab:/opt/ros/humble /usr/bin/cmake --install /workspace/MoMa-ArmLab/ros2_ws/build/arm_lab_moveit_config
