[0.374s] Invoking command in '/workspace/MoMa-ArmLab/ros2_ws/build/arm_lab_moveit_config': /usr/bin/cmake /workspace/MoMa-ArmLab/ros2_ws/src/arm_lab_moveit_config -DCMAKE_INSTALL_PREFIX=/workspace/MoMa-ArmLab/ros2_ws/install/arm_lab_moveit_config
[0.398s] -- Found ament_cmake: 1.3.14 (/opt/ros/humble/share/ament_cmake/cmake)
[0.672s] Error parsing '/workspace/MoMa-ArmLab/ros2_ws/src/arm_lab_moveit_config/package.xml':
[0.672s] Traceback (most recent call last):
[0.673s]   File "/opt/ros/humble/share/ament_cmake_core/cmake/core/package_xml_2_cmake.py", line 150, in <module>
[0.673s]     main()
[0.673s]   File "/opt/ros/humble/share/ament_cmake_core/cmake/core/package_xml_2_cmake.py", line 53, in main
[0.673s]     raise e
[0.673s]   File "/opt/ros/humble/share/ament_cmake_core/cmake/core/package_xml_2_cmake.py", line 49, in main
[0.673s]     package = parse_package_string(
[0.673s]   File "/usr/lib/python3/dist-packages/catkin_pkg/package.py", line 788, in parse_package_string
[0.674s]     pkg.validate(warnings=warnings)
[0.674s]   File "/usr/lib/python3/dist-packages/catkin_pkg/package.py", line 330, in validate
[0.674s]     raise InvalidPackage('\n'.join(errors), self.filename)
[0.674s] catkin_pkg.package.InvalidPackage: Error(s) in package '/workspace/MoMa-ArmLab/ros2_ws/src/arm_lab_moveit_config/package.xml':
[0.674s] Invalid email "" for person "Akasha Amaar"
[0.674s] Maintainers must have an email address
[0.674s] Invalid email "" for person "Akasha Amaar"
[0.688s] [31mCMake Error at /opt/ros/humble/share/ament_cmake_core/cmake/core/ament_package_xml.cmake:95 (message):
[0.688s]   execute_process(/usr/bin/python3
[0.689s]   /opt/ros/humble/share/ament_cmake_core/cmake/core/package_xml_2_cmake.py
[0.689s]   /workspace/MoMa-ArmLab/ros2_ws/src/arm_lab_moveit_config/package.xml
[0.689s]   /workspace/MoMa-ArmLab/ros2_ws/build/arm_lab_moveit_config/ament_cmake_core/package.cmake)
[0.689s]   returned error code 1
[0.689s] Call Stack (most recent call first):
[0.689s]   /opt/ros/humble/share/ament_cmake_core/cmake/core/ament_package_xml.cmake:49 (_ament_package_xml)
[0.689s] -- Configuring incomplete, errors occurred!
[0.689s] See also "/workspace/MoMa-ArmLab/ros2_ws/build/arm_lab_moveit_config/CMakeFiles/CMakeOutput.log".
[0.690s]   /opt/ros/humble/share/ament_cmake_core/cmake/core/ament_package.cmake:63 (ament_package_xml)
[0.690s]   CMakeLists.txt:6 (ament_package)
[0.690s] 
[0.690s] [0m
[0.692s] Invoked command in '/workspace/MoMa-ArmLab/ros2_ws/build/arm_lab_moveit_config' returned '1': /usr/bin/cmake /workspace/MoMa-ArmLab/ros2_ws/src/arm_lab_moveit_config -DCMAKE_INSTALL_PREFIX=/workspace/MoMa-ArmLab/ros2_ws/install/arm_lab_moveit_config
