[0.470s] Invoking command in '/workspace/MoMa-ArmLab/ros2_ws/build/arm_lab_moveit_config': /usr/bin/cmake /workspace/MoMa-ArmLab/ros2_ws/src/arm_lab_moveit_config -DCMAKE_INSTALL_PREFIX=/workspace/MoMa-ArmLab/ros2_ws/install/arm_lab_moveit_config
[0.700s] -- The C compiler identification is GNU 11.4.0
[0.877s] -- The CXX compiler identification is GNU 11.4.0
[0.895s] -- Detecting C compiler ABI info
[1.013s] -- Detecting C compiler ABI info - done
[1.024s] -- Check for working C compiler: /usr/bin/cc - skipped
[1.024s] -- Detecting C compile features
[1.025s] -- Detecting C compile features - done
[1.030s] -- Detecting CXX compiler ABI info
[1.149s] -- Detecting CXX compiler ABI info - done
[1.159s] -- Check for working CXX compiler: /usr/bin/c++ - skipped
[1.159s] -- Detecting CXX compile features
[1.160s] -- Detecting CXX compile features - done
[1.179s] -- Found ament_cmake: 1.3.14 (/opt/ros/humble/share/ament_cmake/cmake)
[1.469s] -- Found Python3: /usr/bin/python3 (found version "3.10.12") found components: Interpreter 
[1.782s] Error parsing '/workspace/MoMa-ArmLab/ros2_ws/src/arm_lab_moveit_config/package.xml':
[1.782s] Traceback (most recent call last):
[1.782s]   File "/opt/ros/humble/share/ament_cmake_core/cmake/core/package_xml_2_cmake.py", line 150, in <module>
[1.782s]     main()
[1.783s]   File "/opt/ros/humble/share/ament_cmake_core/cmake/core/package_xml_2_cmake.py", line 53, in main
[1.783s]     raise e
[1.783s]   File "/opt/ros/humble/share/ament_cmake_core/cmake/core/package_xml_2_cmake.py", line 49, in main
[1.783s]     package = parse_package_string(
[1.783s]   File "/usr/lib/python3/dist-packages/catkin_pkg/package.py", line 788, in parse_package_string
[1.783s]     pkg.validate(warnings=warnings)
[1.783s]   File "/usr/lib/python3/dist-packages/catkin_pkg/package.py", line 330, in validate
[1.784s]     raise InvalidPackage('\n'.join(errors), self.filename)
[1.784s] catkin_pkg.package.InvalidPackage: Error(s) in package '/workspace/MoMa-ArmLab/ros2_ws/src/arm_lab_moveit_config/package.xml':
[1.784s] Invalid email "" for person "Akasha Amaar"
[1.784s] Maintainers must have an email address
[1.784s] Invalid email "" for person "Akasha Amaar"
[1.792s] [31mCMake Error at /opt/ros/humble/share/ament_cmake_core/cmake/core/ament_package_xml.cmake:95 (message):
[1.792s]   execute_process(/usr/bin/python3
[1.792s]   /opt/ros/humble/share/ament_cmake_core/cmake/core/package_xml_2_cmake.py
[1.792s]   /workspace/MoMa-ArmLab/ros2_ws/src/arm_lab_moveit_config/package.xml
[1.793s]   /workspace/MoMa-ArmLab/ros2_ws/build/arm_lab_moveit_config/ament_cmake_core/package.cmake)
[1.793s]   returned error code 1
[1.793s] Call Stack (most recent call first):
[1.793s]   /opt/ros/humble/share/ament_cmake_core/cmake/core/ament_package_xml.cmake:49 (_ament_package_xml)
[1.793s]   /opt/ros/humble/share/ament_cmake_core/cmake/core/ament_package.cmake:63 (ament_package_xml)
[1.793s]   CMakeLists.txt:6 (ament_package)
[1.794s] 
[1.794s] [0m
[1.794s] -- Configuring incomplete, errors occurred!
[1.794s] See also "/workspace/MoMa-ArmLab/ros2_ws/build/arm_lab_moveit_config/CMakeFiles/CMakeOutput.log".
[1.797s] Invoked command in '/workspace/MoMa-ArmLab/ros2_ws/build/arm_lab_moveit_config' returned '1': /usr/bin/cmake /workspace/MoMa-ArmLab/ros2_ws/src/arm_lab_moveit_config -DCMAKE_INSTALL_PREFIX=/workspace/MoMa-ArmLab/ros2_ws/install/arm_lab_moveit_config
