[0.728s] Invoking command in '/workspace/MoMa-ArmLab/ros2_ws/src/arm_lab': PYTHONPATH=/workspace/MoMa-ArmLab/ros2_ws/build/arm_lab/prefix_override:/usr/lib/python3/dist-packages/colcon_core/task/python/colcon_distutils_commands:/workspace/MoMa-ArmLab/ros2_ws/install/arm_lab/lib/python3.10/site-packages:${PYTHONPATH} /usr/bin/python3 -W ignore:setup.py install is deprecated -W ignore:easy_install command is deprecated setup.py egg_info --egg-base ../../build/arm_lab build --build-base /workspace/MoMa-ArmLab/ros2_ws/build/arm_lab/build install --record /workspace/MoMa-ArmLab/ros2_ws/build/arm_lab/install.log --single-version-externally-managed install_data
[0.967s] running egg_info
[0.967s] writing ../../build/arm_lab/arm_lab.egg-info/PKG-INFO
[0.968s] writing dependency_links to ../../build/arm_lab/arm_lab.egg-info/dependency_links.txt
[0.968s] writing entry points to ../../build/arm_lab/arm_lab.egg-info/entry_points.txt
[0.968s] writing requirements to ../../build/arm_lab/arm_lab.egg-info/requires.txt
[0.968s] writing top-level names to ../../build/arm_lab/arm_lab.egg-info/top_level.txt
[0.969s] reading manifest file '../../build/arm_lab/arm_lab.egg-info/SOURCES.txt'
[0.970s] writing manifest file '../../build/arm_lab/arm_lab.egg-info/SOURCES.txt'
[0.970s] running build
[0.971s] running build_py
[0.971s] running install
[0.971s] running install_lib
[0.973s] running install_data
[0.973s] running install_egg_info
[0.975s] removing '/workspace/MoMa-ArmLab/ros2_ws/install/arm_lab/lib/python3.10/site-packages/arm_lab-0.0.0-py3.10.egg-info' (and everything under it)
[0.975s] Copying ../../build/arm_lab/arm_lab.egg-info to /workspace/MoMa-ArmLab/ros2_ws/install/arm_lab/lib/python3.10/site-packages/arm_lab-0.0.0-py3.10.egg-info
[0.976s] running install_scripts
[0.999s] Installing add_two_ints_server script to /workspace/MoMa-ArmLab/ros2_ws/install/arm_lab/lib/arm_lab
[0.999s] Installing fibonacci_action_server script to /workspace/MoMa-ArmLab/ros2_ws/install/arm_lab/lib/arm_lab
[0.999s] Installing hello_node script to /workspace/MoMa-ArmLab/ros2_ws/install/arm_lab/lib/arm_lab
[0.999s] Installing listener_node script to /workspace/MoMa-ArmLab/ros2_ws/install/arm_lab/lib/arm_lab
[1.000s] Installing parameter_node script to /workspace/MoMa-ArmLab/ros2_ws/install/arm_lab/lib/arm_lab
[1.000s] Installing static_tf_node script to /workspace/MoMa-ArmLab/ros2_ws/install/arm_lab/lib/arm_lab
[1.000s] Installing talker_node script to /workspace/MoMa-ArmLab/ros2_ws/install/arm_lab/lib/arm_lab
[1.000s] writing list of installed files to '/workspace/MoMa-ArmLab/ros2_ws/build/arm_lab/install.log'
[1.025s] Invoked command in '/workspace/MoMa-ArmLab/ros2_ws/src/arm_lab' returned '0': PYTHONPATH=/workspace/MoMa-ArmLab/ros2_ws/build/arm_lab/prefix_override:/usr/lib/python3/dist-packages/colcon_core/task/python/colcon_distutils_commands:/workspace/MoMa-ArmLab/ros2_ws/install/arm_lab/lib/python3.10/site-packages:${PYTHONPATH} /usr/bin/python3 -W ignore:setup.py install is deprecated -W ignore:easy_install command is deprecated setup.py egg_info --egg-base ../../build/arm_lab build --build-base /workspace/MoMa-ArmLab/ros2_ws/build/arm_lab/build install --record /workspace/MoMa-ArmLab/ros2_ws/build/arm_lab/install.log --single-version-externally-managed install_data
