[0.113s] DEBUG:colcon:Command line arguments: ['/usr/bin/colcon', 'build']
[0.114s] DEBUG:colcon:Parsed command line arguments: Namespace(log_base=None, log_level=None, verb_name='build', build_base='build', install_base='install', merge_install=False, symlink_install=False, test_result_base=None, continue_on_error=False, executor='parallel', parallel_workers=8, event_handlers=None, ignore_user_meta=False, metas=['./colcon.meta'], base_paths=['.'], packages_ignore=None, packages_ignore_regex=None, paths=None, packages_up_to=None, packages_up_to_regex=None, packages_above=None, packages_above_and_dependencies=None, packages_above_depth=None, packages_select_by_dep=None, packages_skip_by_dep=None, packages_skip_up_to=None, packages_select_build_failed=False, packages_skip_build_finished=False, packages_select_test_failures=False, packages_skip_test_passed=False, packages_select=None, packages_skip=None, packages_select_regex=None, packages_skip_regex=None, packages_start=None, packages_end=None, cmake_args=None, cmake_target=None, cmake_target_skip_unavailable=False, cmake_clean_cache=False, cmake_clean_first=False, cmake_force_configure=False, ament_cmake_args=None, catkin_cmake_args=None, catkin_skip_building_tests=False, mixin_files=None, mixin=None, verb_parser=<colcon_mixin.mixin.mixin_argument.MixinArgumentDecorator object at 0x77e8c9b0ff40>, verb_extension=<colcon_core.verb.build.BuildVerb object at 0x77e8c9cc4f70>, main=<bound method BuildVerb.main of <colcon_core.verb.build.BuildVerb object at 0x77e8c9cc4f70>>, mixin_verb=('build',))
[0.253s] Level 1:colcon.colcon_core.package_discovery:discover_packages(colcon_meta) check parameters
[0.254s] INFO:colcon.colcon_metadata.package_discovery.colcon_meta:Using configuration from '/root/.colcon/metadata/default/Gazebo.meta'
[0.254s] INFO:colcon.colcon_metadata.package_discovery.colcon_meta:Using configuration from '/root/.colcon/metadata/default/fastdds.meta'
[0.255s] INFO:colcon.colcon_metadata.package_discovery.colcon_meta:Using configuration from '/root/.colcon/metadata/default/fastrtps.meta'
[0.255s] Level 1:colcon.colcon_core.package_discovery:discover_packages(recursive) check parameters
[0.255s] Level 1:colcon.colcon_core.package_discovery:discover_packages(ignore) check parameters
[0.255s] Level 1:colcon.colcon_core.package_discovery:discover_packages(path) check parameters
[0.255s] Level 1:colcon.colcon_core.package_discovery:discover_packages(colcon_meta) discover
[0.255s] Level 1:colcon.colcon_core.package_discovery:discover_packages(recursive) discover
[0.255s] INFO:colcon.colcon_core.package_discovery:Crawling recursively for packages in '/workspace/MoMa-ArmLab/ros2_ws'
[0.255s] Level 1:colcon.colcon_core.package_identification:_identify(.) by extensions ['ignore', 'ignore_ament_install']
[0.255s] Level 1:colcon.colcon_core.package_identification:_identify(.) by extension 'ignore'
[0.255s] Level 1:colcon.colcon_core.package_identification:_identify(.) by extension 'ignore_ament_install'
[0.255s] Level 1:colcon.colcon_core.package_identification:_identify(.) by extensions ['colcon_pkg']
[0.255s] Level 1:colcon.colcon_core.package_identification:_identify(.) by extension 'colcon_pkg'
[0.255s] Level 1:colcon.colcon_core.package_identification:_identify(.) by extensions ['colcon_meta']
[0.255s] Level 1:colcon.colcon_core.package_identification:_identify(.) by extension 'colcon_meta'
[0.255s] Level 1:colcon.colcon_core.package_identification:_identify(.) by extensions ['ros']
[0.255s] Level 1:colcon.colcon_core.package_identification:_identify(.) by extension 'ros'
[0.266s] Level 1:colcon.colcon_core.package_identification:_identify(.) by extensions ['cmake', 'python']
[0.266s] Level 1:colcon.colcon_core.package_identification:_identify(.) by extension 'cmake'
[0.266s] Level 1:colcon.colcon_core.package_identification:_identify(.) by extension 'python'
[0.266s] Level 1:colcon.colcon_core.package_identification:_identify(.) by extensions ['python_setup_py']
[0.266s] Level 1:colcon.colcon_core.package_identification:_identify(.) by extension 'python_setup_py'
[0.266s] Level 1:colcon.colcon_core.package_identification:_identify(build) by extensions ['ignore', 'ignore_ament_install']
[0.266s] Level 1:colcon.colcon_core.package_identification:_identify(build) by extension 'ignore'
[0.266s] Level 1:colcon.colcon_core.package_identification:_identify(build) ignored
[0.266s] Level 1:colcon.colcon_core.package_identification:_identify(install) by extensions ['ignore', 'ignore_ament_install']
[0.266s] Level 1:colcon.colcon_core.package_identification:_identify(install) by extension 'ignore'
[0.266s] Level 1:colcon.colcon_core.package_identification:_identify(install) ignored
[0.267s] Level 1:colcon.colcon_core.package_identification:_identify(log) by extensions ['ignore', 'ignore_ament_install']
[0.267s] Level 1:colcon.colcon_core.package_identification:_identify(log) by extension 'ignore'
[0.267s] Level 1:colcon.colcon_core.package_identification:_identify(log) ignored
[0.267s] Level 1:colcon.colcon_core.package_identification:_identify(src) by extensions ['ignore', 'ignore_ament_install']
[0.267s] Level 1:colcon.colcon_core.package_identification:_identify(src) by extension 'ignore'
[0.267s] Level 1:colcon.colcon_core.package_identification:_identify(src) by extension 'ignore_ament_install'
[0.267s] Level 1:colcon.colcon_core.package_identification:_identify(src) by extensions ['colcon_pkg']
[0.267s] Level 1:colcon.colcon_core.package_identification:_identify(src) by extension 'colcon_pkg'
[0.267s] Level 1:colcon.colcon_core.package_identification:_identify(src) by extensions ['colcon_meta']
[0.267s] Level 1:colcon.colcon_core.package_identification:_identify(src) by extension 'colcon_meta'
[0.267s] Level 1:colcon.colcon_core.package_identification:_identify(src) by extensions ['ros']
[0.267s] Level 1:colcon.colcon_core.package_identification:_identify(src) by extension 'ros'
[0.267s] Level 1:colcon.colcon_core.package_identification:_identify(src) by extensions ['cmake', 'python']
[0.267s] Level 1:colcon.colcon_core.package_identification:_identify(src) by extension 'cmake'
[0.267s] Level 1:colcon.colcon_core.package_identification:_identify(src) by extension 'python'
[0.267s] Level 1:colcon.colcon_core.package_identification:_identify(src) by extensions ['python_setup_py']
[0.267s] Level 1:colcon.colcon_core.package_identification:_identify(src) by extension 'python_setup_py'
[0.267s] Level 1:colcon.colcon_core.package_identification:_identify(src/arm_lab) by extensions ['ignore', 'ignore_ament_install']
[0.267s] Level 1:colcon.colcon_core.package_identification:_identify(src/arm_lab) by extension 'ignore'
[0.267s] Level 1:colcon.colcon_core.package_identification:_identify(src/arm_lab) by extension 'ignore_ament_install'
[0.268s] Level 1:colcon.colcon_core.package_identification:_identify(src/arm_lab) by extensions ['colcon_pkg']
[0.268s] Level 1:colcon.colcon_core.package_identification:_identify(src/arm_lab) by extension 'colcon_pkg'
[0.268s] Level 1:colcon.colcon_core.package_identification:_identify(src/arm_lab) by extensions ['colcon_meta']
[0.268s] Level 1:colcon.colcon_core.package_identification:_identify(src/arm_lab) by extension 'colcon_meta'
[0.268s] Level 1:colcon.colcon_core.package_identification:_identify(src/arm_lab) by extensions ['ros']
[0.268s] Level 1:colcon.colcon_core.package_identification:_identify(src/arm_lab) by extension 'ros'
[0.270s] DEBUG:colcon.colcon_core.package_identification:Package 'src/arm_lab' with type 'ros.ament_python' and name 'arm_lab'
[0.270s] Level 1:colcon.colcon_core.package_identification:_identify(src/arm_lab_moveit_config) by extensions ['ignore', 'ignore_ament_install']
[0.270s] Level 1:colcon.colcon_core.package_identification:_identify(src/arm_lab_moveit_config) by extension 'ignore'
[0.270s] Level 1:colcon.colcon_core.package_identification:_identify(src/arm_lab_moveit_config) by extension 'ignore_ament_install'
[0.270s] Level 1:colcon.colcon_core.package_identification:_identify(src/arm_lab_moveit_config) by extensions ['colcon_pkg']
[0.270s] Level 1:colcon.colcon_core.package_identification:_identify(src/arm_lab_moveit_config) by extension 'colcon_pkg'
[0.270s] Level 1:colcon.colcon_core.package_identification:_identify(src/arm_lab_moveit_config) by extensions ['colcon_meta']
[0.270s] Level 1:colcon.colcon_core.package_identification:_identify(src/arm_lab_moveit_config) by extension 'colcon_meta'
[0.270s] Level 1:colcon.colcon_core.package_identification:_identify(src/arm_lab_moveit_config) by extensions ['ros']
[0.270s] Level 1:colcon.colcon_core.package_identification:_identify(src/arm_lab_moveit_config) by extension 'ros'
[0.271s] DEBUG:colcon.colcon_core.package_identification:Package 'src/arm_lab_moveit_config' with type 'ros.ament_cmake' and name 'arm_lab_moveit_config'
[0.271s] Level 1:colcon.colcon_core.package_discovery:discover_packages(recursive) using defaults
[0.271s] Level 1:colcon.colcon_core.package_discovery:discover_packages(ignore) discover
[0.271s] Level 1:colcon.colcon_core.package_discovery:discover_packages(ignore) using defaults
[0.271s] Level 1:colcon.colcon_core.package_discovery:discover_packages(path) discover
[0.271s] Level 1:colcon.colcon_core.package_discovery:discover_packages(path) using defaults
[0.289s] Level 5:colcon.colcon_core.verb:set package 'arm_lab' build argument 'cmake_args' from command line to 'None'
[0.290s] Level 5:colcon.colcon_core.verb:set package 'arm_lab' build argument 'cmake_target' from command line to 'None'
[0.290s] Level 5:colcon.colcon_core.verb:set package 'arm_lab' build argument 'cmake_target_skip_unavailable' from command line to 'False'
[0.290s] Level 5:colcon.colcon_core.verb:set package 'arm_lab' build argument 'cmake_clean_cache' from command line to 'False'
[0.290s] Level 5:colcon.colcon_core.verb:set package 'arm_lab' build argument 'cmake_clean_first' from command line to 'False'
[0.290s] Level 5:colcon.colcon_core.verb:set package 'arm_lab' build argument 'cmake_force_configure' from command line to 'False'
[0.290s] Level 5:colcon.colcon_core.verb:set package 'arm_lab' build argument 'ament_cmake_args' from command line to 'None'
[0.290s] Level 5:colcon.colcon_core.verb:set package 'arm_lab' build argument 'catkin_cmake_args' from command line to 'None'
[0.290s] Level 5:colcon.colcon_core.verb:set package 'arm_lab' build argument 'catkin_skip_building_tests' from command line to 'False'
[0.290s] DEBUG:colcon.colcon_core.verb:Building package 'arm_lab' with the following arguments: {'ament_cmake_args': None, 'build_base': '/workspace/MoMa-ArmLab/ros2_ws/build/arm_lab', 'catkin_cmake_args': None, 'catkin_skip_building_tests': False, 'cmake_args': None, 'cmake_clean_cache': False, 'cmake_clean_first': False, 'cmake_force_configure': False, 'cmake_target': None, 'cmake_target_skip_unavailable': False, 'install_base': '/workspace/MoMa-ArmLab/ros2_ws/install/arm_lab', 'merge_install': False, 'path': '/workspace/MoMa-ArmLab/ros2_ws/src/arm_lab', 'symlink_install': False, 'test_result_base': None}
[0.290s] Level 5:colcon.colcon_core.verb:set package 'arm_lab_moveit_config' build argument 'cmake_args' from command line to 'None'
[0.290s] Level 5:colcon.colcon_core.verb:set package 'arm_lab_moveit_config' build argument 'cmake_target' from command line to 'None'
[0.290s] Level 5:colcon.colcon_core.verb:set package 'arm_lab_moveit_config' build argument 'cmake_target_skip_unavailable' from command line to 'False'
[0.290s] Level 5:colcon.colcon_core.verb:set package 'arm_lab_moveit_config' build argument 'cmake_clean_cache' from command line to 'False'
[0.290s] Level 5:colcon.colcon_core.verb:set package 'arm_lab_moveit_config' build argument 'cmake_clean_first' from command line to 'False'
[0.290s] Level 5:colcon.colcon_core.verb:set package 'arm_lab_moveit_config' build argument 'cmake_force_configure' from command line to 'False'
[0.290s] Level 5:colcon.colcon_core.verb:set package 'arm_lab_moveit_config' build argument 'ament_cmake_args' from command line to 'None'
[0.290s] Level 5:colcon.colcon_core.verb:set package 'arm_lab_moveit_config' build argument 'catkin_cmake_args' from command line to 'None'
[0.290s] Level 5:colcon.colcon_core.verb:set package 'arm_lab_moveit_config' build argument 'catkin_skip_building_tests' from command line to 'False'
[0.290s] DEBUG:colcon.colcon_core.verb:Building package 'arm_lab_moveit_config' with the following arguments: {'ament_cmake_args': None, 'build_base': '/workspace/MoMa-ArmLab/ros2_ws/build/arm_lab_moveit_config', 'catkin_cmake_args': None, 'catkin_skip_building_tests': False, 'cmake_args': None, 'cmake_clean_cache': False, 'cmake_clean_first': False, 'cmake_force_configure': False, 'cmake_target': None, 'cmake_target_skip_unavailable': False, 'install_base': '/workspace/MoMa-ArmLab/ros2_ws/install/arm_lab_moveit_config', 'merge_install': False, 'path': '/workspace/MoMa-ArmLab/ros2_ws/src/arm_lab_moveit_config', 'symlink_install': False, 'test_result_base': None}
[0.290s] INFO:colcon.colcon_core.executor:Executing jobs using 'parallel' executor
[0.291s] DEBUG:colcon.colcon_parallel_executor.executor.parallel:run_until_complete
[0.291s] INFO:colcon.colcon_ros.task.ament_python.build:Building ROS package in '/workspace/MoMa-ArmLab/ros2_ws/src/arm_lab' with build type 'ament_python'
[0.292s] Level 1:colcon.colcon_core.shell:create_environment_hook('arm_lab', 'ament_prefix_path')
[0.294s] INFO:colcon.colcon_core.plugin_system:Skipping extension 'colcon_core.shell.bat': Not used on non-Windows systems
[0.294s] INFO:colcon.colcon_core.shell:Creating environment hook '/workspace/MoMa-ArmLab/ros2_ws/install/arm_lab/share/arm_lab/hook/ament_prefix_path.ps1'
[0.295s] INFO:colcon.colcon_core.shell:Creating environment descriptor '/workspace/MoMa-ArmLab/ros2_ws/install/arm_lab/share/arm_lab/hook/ament_prefix_path.dsv'
[0.295s] INFO:colcon.colcon_core.shell:Creating environment hook '/workspace/MoMa-ArmLab/ros2_ws/install/arm_lab/share/arm_lab/hook/ament_prefix_path.sh'
[0.296s] INFO:colcon.colcon_core.shell:Skip shell extension 'powershell' for command environment: Not usable outside of PowerShell
[0.296s] DEBUG:colcon.colcon_core.shell:Skip shell extension 'dsv' for command environment
[0.530s] INFO:colcon.colcon_core.task.python.build:Building Python package in '/workspace/MoMa-ArmLab/ros2_ws/src/arm_lab'
[0.530s] INFO:colcon.colcon_core.shell:Skip shell extension 'powershell' for command environment: Not usable outside of PowerShell
[0.530s] DEBUG:colcon.colcon_core.shell:Skip shell extension 'dsv' for command environment
[0.855s] DEBUG:colcon.colcon_core.event_handler.log_command:Invoking command in '/workspace/MoMa-ArmLab/ros2_ws/src/arm_lab': PYTHONPATH=/workspace/MoMa-ArmLab/ros2_ws/build/arm_lab/prefix_override:/usr/lib/python3/dist-packages/colcon_core/task/python/colcon_distutils_commands:/workspace/MoMa-ArmLab/ros2_ws/install/arm_lab/lib/python3.10/site-packages:${PYTHONPATH} /usr/bin/python3 -W ignore:setup.py install is deprecated -W ignore:easy_install command is deprecated setup.py egg_info --egg-base ../../build/arm_lab build --build-base /workspace/MoMa-ArmLab/ros2_ws/build/arm_lab/build install --record /workspace/MoMa-ArmLab/ros2_ws/build/arm_lab/install.log --single-version-externally-managed install_data
[1.116s] DEBUG:colcon.colcon_core.event_handler.log_command:Invoked command in '/workspace/MoMa-ArmLab/ros2_ws/src/arm_lab' returned '0': PYTHONPATH=/workspace/MoMa-ArmLab/ros2_ws/build/arm_lab/prefix_override:/usr/lib/python3/dist-packages/colcon_core/task/python/colcon_distutils_commands:/workspace/MoMa-ArmLab/ros2_ws/install/arm_lab/lib/python3.10/site-packages:${PYTHONPATH} /usr/bin/python3 -W ignore:setup.py install is deprecated -W ignore:easy_install command is deprecated setup.py egg_info --egg-base ../../build/arm_lab build --build-base /workspace/MoMa-ArmLab/ros2_ws/build/arm_lab/build install --record /workspace/MoMa-ArmLab/ros2_ws/build/arm_lab/install.log --single-version-externally-managed install_data
[1.119s] Level 1:colcon.colcon_core.environment:checking '/workspace/MoMa-ArmLab/ros2_ws/install/arm_lab' for CMake module files
[1.119s] Level 1:colcon.colcon_core.environment:checking '/workspace/MoMa-ArmLab/ros2_ws/install/arm_lab' for CMake config files
[1.120s] Level 1:colcon.colcon_core.environment:checking '/workspace/MoMa-ArmLab/ros2_ws/install/arm_lab/lib'
[1.120s] Level 1:colcon.colcon_core.environment:checking '/workspace/MoMa-ArmLab/ros2_ws/install/arm_lab/bin'
[1.120s] Level 1:colcon.colcon_core.environment:checking '/workspace/MoMa-ArmLab/ros2_ws/install/arm_lab/lib/pkgconfig/arm_lab.pc'
[1.121s] Level 1:colcon.colcon_core.environment:checking '/workspace/MoMa-ArmLab/ros2_ws/install/arm_lab/lib/python3.10/site-packages'
[1.121s] Level 1:colcon.colcon_core.shell:create_environment_hook('arm_lab', 'pythonpath')
[1.121s] INFO:colcon.colcon_core.shell:Creating environment hook '/workspace/MoMa-ArmLab/ros2_ws/install/arm_lab/share/arm_lab/hook/pythonpath.ps1'
[1.122s] INFO:colcon.colcon_core.shell:Creating environment descriptor '/workspace/MoMa-ArmLab/ros2_ws/install/arm_lab/share/arm_lab/hook/pythonpath.dsv'
[1.122s] INFO:colcon.colcon_core.shell:Creating environment hook '/workspace/MoMa-ArmLab/ros2_ws/install/arm_lab/share/arm_lab/hook/pythonpath.sh'
[1.123s] Level 1:colcon.colcon_core.environment:checking '/workspace/MoMa-ArmLab/ros2_ws/install/arm_lab/bin'
[1.123s] Level 1:colcon.colcon_core.environment:create_environment_scripts_only(arm_lab)
[1.123s] INFO:colcon.colcon_core.shell:Creating package script '/workspace/MoMa-ArmLab/ros2_ws/install/arm_lab/share/arm_lab/package.ps1'
[1.125s] INFO:colcon.colcon_core.shell:Creating package descriptor '/workspace/MoMa-ArmLab/ros2_ws/install/arm_lab/share/arm_lab/package.dsv'
[1.125s] INFO:colcon.colcon_core.shell:Creating package script '/workspace/MoMa-ArmLab/ros2_ws/install/arm_lab/share/arm_lab/package.sh'
[1.126s] INFO:colcon.colcon_core.shell:Creating package script '/workspace/MoMa-ArmLab/ros2_ws/install/arm_lab/share/arm_lab/package.bash'
[1.127s] INFO:colcon.colcon_core.shell:Creating package script '/workspace/MoMa-ArmLab/ros2_ws/install/arm_lab/share/arm_lab/package.zsh'
[1.128s] Level 1:colcon.colcon_core.environment:create_file_with_runtime_dependencies(/workspace/MoMa-ArmLab/ros2_ws/install/arm_lab/share/colcon-core/packages/arm_lab)
[1.128s] INFO:colcon.colcon_ros.task.ament_cmake.build:Building ROS package in '/workspace/MoMa-ArmLab/ros2_ws/src/arm_lab_moveit_config' with build type 'ament_cmake'
[1.128s] INFO:colcon.colcon_cmake.task.cmake.build:Building CMake package in '/workspace/MoMa-ArmLab/ros2_ws/src/arm_lab_moveit_config'
[1.129s] INFO:colcon.colcon_core.shell:Skip shell extension 'powershell' for command environment: Not usable outside of PowerShell
[1.129s] DEBUG:colcon.colcon_core.shell:Skip shell extension 'dsv' for command environment
[1.140s] DEBUG:colcon.colcon_core.event_handler.log_command:Invoking command in '/workspace/MoMa-ArmLab/ros2_ws/build/arm_lab_moveit_config': AMENT_PREFIX_PATH=/workspace/MoMa-ArmLab/ros2_ws/install/arm_lab:/workspace/MoMa-ArmLab/ros2_ws/install/arm_lab_moveit_config:/opt/ros/humble CMAKE_PREFIX_PATH=${CMAKE_PREFIX_PATH}:/workspace/MoMa-ArmLab/ros2_ws/install/arm_lab:/opt/ros/humble /usr/bin/cmake --build /workspace/MoMa-ArmLab/ros2_ws/build/arm_lab_moveit_config -- -j8 -l8
[1.181s] DEBUG:colcon.colcon_core.event_handler.log_command:Invoked command in '/workspace/MoMa-ArmLab/ros2_ws/build/arm_lab_moveit_config' returned '0': AMENT_PREFIX_PATH=/workspace/MoMa-ArmLab/ros2_ws/install/arm_lab:/workspace/MoMa-ArmLab/ros2_ws/install/arm_lab_moveit_config:/opt/ros/humble CMAKE_PREFIX_PATH=${CMAKE_PREFIX_PATH}:/workspace/MoMa-ArmLab/ros2_ws/install/arm_lab:/opt/ros/humble /usr/bin/cmake --build /workspace/MoMa-ArmLab/ros2_ws/build/arm_lab_moveit_config -- -j8 -l8
[1.192s] DEBUG:colcon.colcon_core.event_handler.log_command:Invoking command in '/workspace/MoMa-ArmLab/ros2_ws/build/arm_lab_moveit_config': AMENT_PREFIX_PATH=/workspace/MoMa-ArmLab/ros2_ws/install/arm_lab:/workspace/MoMa-ArmLab/ros2_ws/install/arm_lab_moveit_config:/opt/ros/humble CMAKE_PREFIX_PATH=${CMAKE_PREFIX_PATH}:/workspace/MoMa-ArmLab/ros2_ws/install/arm_lab:/opt/ros/humble /usr/bin/cmake --install /workspace/MoMa-ArmLab/ros2_ws/build/arm_lab_moveit_config
[1.203s] Level 1:colcon.colcon_core.environment:create_environment_scripts_only(arm_lab_moveit_config)
[1.204s] Level 1:colcon.colcon_core.environment:checking '/workspace/MoMa-ArmLab/ros2_ws/install/arm_lab_moveit_config' for CMake module files
[1.204s] DEBUG:colcon.colcon_core.event_handler.log_command:Invoked command in '/workspace/MoMa-ArmLab/ros2_ws/build/arm_lab_moveit_config' returned '0': AMENT_PREFIX_PATH=/workspace/MoMa-ArmLab/ros2_ws/install/arm_lab:/workspace/MoMa-ArmLab/ros2_ws/install/arm_lab_moveit_config:/opt/ros/humble CMAKE_PREFIX_PATH=${CMAKE_PREFIX_PATH}:/workspace/MoMa-ArmLab/ros2_ws/install/arm_lab:/opt/ros/humble /usr/bin/cmake --install /workspace/MoMa-ArmLab/ros2_ws/build/arm_lab_moveit_config
[1.205s] Level 1:colcon.colcon_core.environment:checking '/workspace/MoMa-ArmLab/ros2_ws/install/arm_lab_moveit_config' for CMake config files
[1.205s] Level 1:colcon.colcon_core.shell:create_environment_hook('arm_lab_moveit_config', 'cmake_prefix_path')
[1.206s] INFO:colcon.colcon_core.shell:Creating environment hook '/workspace/MoMa-ArmLab/ros2_ws/install/arm_lab_moveit_config/share/arm_lab_moveit_config/hook/cmake_prefix_path.ps1'
[1.206s] INFO:colcon.colcon_core.shell:Creating environment descriptor '/workspace/MoMa-ArmLab/ros2_ws/install/arm_lab_moveit_config/share/arm_lab_moveit_config/hook/cmake_prefix_path.dsv'
[1.207s] INFO:colcon.colcon_core.shell:Creating environment hook '/workspace/MoMa-ArmLab/ros2_ws/install/arm_lab_moveit_config/share/arm_lab_moveit_config/hook/cmake_prefix_path.sh'
[1.207s] Level 1:colcon.colcon_core.environment:checking '/workspace/MoMa-ArmLab/ros2_ws/install/arm_lab_moveit_config/bin'
[1.208s] Level 1:colcon.colcon_core.environment:checking '/workspace/MoMa-ArmLab/ros2_ws/install/arm_lab_moveit_config/lib/pkgconfig/arm_lab_moveit_config.pc'
[1.208s] Level 1:colcon.colcon_core.environment:checking '/workspace/MoMa-ArmLab/ros2_ws/install/arm_lab_moveit_config/lib/python3.10/site-packages'
[1.208s] Level 1:colcon.colcon_core.environment:checking '/workspace/MoMa-ArmLab/ros2_ws/install/arm_lab_moveit_config/bin'
[1.208s] INFO:colcon.colcon_core.shell:Creating package script '/workspace/MoMa-ArmLab/ros2_ws/install/arm_lab_moveit_config/share/arm_lab_moveit_config/package.ps1'
[1.209s] INFO:colcon.colcon_core.shell:Creating package descriptor '/workspace/MoMa-ArmLab/ros2_ws/install/arm_lab_moveit_config/share/arm_lab_moveit_config/package.dsv'
[1.209s] INFO:colcon.colcon_core.shell:Creating package script '/workspace/MoMa-ArmLab/ros2_ws/install/arm_lab_moveit_config/share/arm_lab_moveit_config/package.sh'
[1.210s] INFO:colcon.colcon_core.shell:Creating package script '/workspace/MoMa-ArmLab/ros2_ws/install/arm_lab_moveit_config/share/arm_lab_moveit_config/package.bash'
[1.210s] INFO:colcon.colcon_core.shell:Creating package script '/workspace/MoMa-ArmLab/ros2_ws/install/arm_lab_moveit_config/share/arm_lab_moveit_config/package.zsh'
[1.211s] Level 1:colcon.colcon_core.environment:create_file_with_runtime_dependencies(/workspace/MoMa-ArmLab/ros2_ws/install/arm_lab_moveit_config/share/colcon-core/packages/arm_lab_moveit_config)
[1.211s] Level 1:colcon.colcon_core.environment:create_environment_scripts_only(arm_lab_moveit_config)
[1.212s] Level 1:colcon.colcon_core.environment:checking '/workspace/MoMa-ArmLab/ros2_ws/install/arm_lab_moveit_config' for CMake module files
[1.212s] Level 1:colcon.colcon_core.environment:checking '/workspace/MoMa-ArmLab/ros2_ws/install/arm_lab_moveit_config' for CMake config files
[1.212s] Level 1:colcon.colcon_core.shell:create_environment_hook('arm_lab_moveit_config', 'cmake_prefix_path')
[1.212s] INFO:colcon.colcon_core.shell:Creating environment hook '/workspace/MoMa-ArmLab/ros2_ws/install/arm_lab_moveit_config/share/arm_lab_moveit_config/hook/cmake_prefix_path.ps1'
[1.213s] INFO:colcon.colcon_core.shell:Creating environment descriptor '/workspace/MoMa-ArmLab/ros2_ws/install/arm_lab_moveit_config/share/arm_lab_moveit_config/hook/cmake_prefix_path.dsv'
[1.213s] INFO:colcon.colcon_core.shell:Creating environment hook '/workspace/MoMa-ArmLab/ros2_ws/install/arm_lab_moveit_config/share/arm_lab_moveit_config/hook/cmake_prefix_path.sh'
[1.215s] Level 1:colcon.colcon_core.environment:checking '/workspace/MoMa-ArmLab/ros2_ws/install/arm_lab_moveit_config/bin'
[1.215s] Level 1:colcon.colcon_core.environment:checking '/workspace/MoMa-ArmLab/ros2_ws/install/arm_lab_moveit_config/lib/pkgconfig/arm_lab_moveit_config.pc'
[1.215s] Level 1:colcon.colcon_core.environment:checking '/workspace/MoMa-ArmLab/ros2_ws/install/arm_lab_moveit_config/lib/python3.10/site-packages'
[1.215s] Level 1:colcon.colcon_core.environment:checking '/workspace/MoMa-ArmLab/ros2_ws/install/arm_lab_moveit_config/bin'
[1.216s] INFO:colcon.colcon_core.shell:Creating package script '/workspace/MoMa-ArmLab/ros2_ws/install/arm_lab_moveit_config/share/arm_lab_moveit_config/package.ps1'
[1.216s] INFO:colcon.colcon_core.shell:Creating package descriptor '/workspace/MoMa-ArmLab/ros2_ws/install/arm_lab_moveit_config/share/arm_lab_moveit_config/package.dsv'
[1.217s] INFO:colcon.colcon_core.shell:Creating package script '/workspace/MoMa-ArmLab/ros2_ws/install/arm_lab_moveit_config/share/arm_lab_moveit_config/package.sh'
[1.217s] INFO:colcon.colcon_core.shell:Creating package script '/workspace/MoMa-ArmLab/ros2_ws/install/arm_lab_moveit_config/share/arm_lab_moveit_config/package.bash'
[1.217s] INFO:colcon.colcon_core.shell:Creating package script '/workspace/MoMa-ArmLab/ros2_ws/install/arm_lab_moveit_config/share/arm_lab_moveit_config/package.zsh'
[1.218s] Level 1:colcon.colcon_core.environment:create_file_with_runtime_dependencies(/workspace/MoMa-ArmLab/ros2_ws/install/arm_lab_moveit_config/share/colcon-core/packages/arm_lab_moveit_config)
[1.218s] DEBUG:colcon.colcon_parallel_executor.executor.parallel:closing loop
[1.219s] DEBUG:colcon.colcon_parallel_executor.executor.parallel:loop closed
[1.219s] DEBUG:colcon.colcon_parallel_executor.executor.parallel:run_until_complete finished with '0'
[1.219s] DEBUG:colcon.colcon_core.event_reactor:joining thread
[1.239s] INFO:colcon.colcon_core.plugin_system:Skipping extension 'colcon_notification.desktop_notification.notify_send': Could not find 'notify-send'
[1.239s] INFO:colcon.colcon_core.plugin_system:Skipping extension 'colcon_notification.desktop_notification.terminal_notifier': Not used on non-Darwin systems
[1.239s] INFO:colcon.colcon_core.plugin_system:Skipping extension 'colcon_notification.desktop_notification.win32': Not used on non-Windows systems
[1.239s] INFO:colcon.colcon_notification.desktop_notification:Sending desktop notification using 'notify2'
[1.242s] DEBUG:colcon.colcon_notification.desktop_notification.notify2:Failed to initialize notify2: org.freedesktop.DBus.Error.Spawn.ExecFailed: /usr/bin/dbus-launch terminated abnormally without any error message
[1.242s] DEBUG:colcon.colcon_core.event_reactor:joined thread
[1.243s] INFO:colcon.colcon_core.shell:Creating prefix script '/workspace/MoMa-ArmLab/ros2_ws/install/local_setup.ps1'
[1.244s] INFO:colcon.colcon_core.shell:Creating prefix util module '/workspace/MoMa-ArmLab/ros2_ws/install/_local_setup_util_ps1.py'
[1.246s] INFO:colcon.colcon_core.shell:Creating prefix chain script '/workspace/MoMa-ArmLab/ros2_ws/install/setup.ps1'
[1.248s] INFO:colcon.colcon_core.shell:Creating prefix script '/workspace/MoMa-ArmLab/ros2_ws/install/local_setup.sh'
[1.248s] INFO:colcon.colcon_core.shell:Creating prefix util module '/workspace/MoMa-ArmLab/ros2_ws/install/_local_setup_util_sh.py'
[1.249s] INFO:colcon.colcon_core.shell:Creating prefix chain script '/workspace/MoMa-ArmLab/ros2_ws/install/setup.sh'
[1.250s] INFO:colcon.colcon_core.shell:Creating prefix script '/workspace/MoMa-ArmLab/ros2_ws/install/local_setup.bash'
[1.251s] INFO:colcon.colcon_core.shell:Creating prefix chain script '/workspace/MoMa-ArmLab/ros2_ws/install/setup.bash'
[1.252s] INFO:colcon.colcon_core.shell:Creating prefix script '/workspace/MoMa-ArmLab/ros2_ws/install/local_setup.zsh'
[1.253s] INFO:colcon.colcon_core.shell:Creating prefix chain script '/workspace/MoMa-ArmLab/ros2_ws/install/setup.zsh'
