running egg_info
writing ../../build/arm_lab/arm_lab.egg-info/PKG-INFO
writing dependency_links to ../../build/arm_lab/arm_lab.egg-info/dependency_links.txt
writing entry points to ../../build/arm_lab/arm_lab.egg-info/entry_points.txt
writing requirements to ../../build/arm_lab/arm_lab.egg-info/requires.txt
writing top-level names to ../../build/arm_lab/arm_lab.egg-info/top_level.txt
reading manifest file '../../build/arm_lab/arm_lab.egg-info/SOURCES.txt'
writing manifest file '../../build/arm_lab/arm_lab.egg-info/SOURCES.txt'
running build
running build_py
running install
running install_lib
running install_data
copying urdf/simple_robot_generated.urdf -> /workspace/MoMa-ArmLab/ros2_ws/install/arm_lab/share/arm_lab/urdf
running install_egg_info
removing '/workspace/MoMa-ArmLab/ros2_ws/install/arm_lab/lib/python3.10/site-packages/arm_lab-0.0.0-py3.10.egg-info' (and everything under it)
Copying ../../build/arm_lab/arm_lab.egg-info to /workspace/MoMa-ArmLab/ros2_ws/install/arm_lab/lib/python3.10/site-packages/arm_lab-0.0.0-py3.10.egg-info
running install_scripts
Installing add_two_ints_server script to /workspace/MoMa-ArmLab/ros2_ws/install/arm_lab/lib/arm_lab
Installing fibonacci_action_server script to /workspace/MoMa-ArmLab/ros2_ws/install/arm_lab/lib/arm_lab
Installing hello_node script to /workspace/MoMa-ArmLab/ros2_ws/install/arm_lab/lib/arm_lab
Installing listener_node script to /workspace/MoMa-ArmLab/ros2_ws/install/arm_lab/lib/arm_lab
Installing parameter_node script to /workspace/MoMa-ArmLab/ros2_ws/install/arm_lab/lib/arm_lab
Installing static_tf_node script to /workspace/MoMa-ArmLab/ros2_ws/install/arm_lab/lib/arm_lab
Installing talker_node script to /workspace/MoMa-ArmLab/ros2_ws/install/arm_lab/lib/arm_lab
writing list of installed files to '/workspace/MoMa-ArmLab/ros2_ws/build/arm_lab/install.log'
