running egg_info
creating ../../build/arm_lab/arm_lab.egg-info
writing ../../build/arm_lab/arm_lab.egg-info/PKG-INFO
writing dependency_links to ../../build/arm_lab/arm_lab.egg-info/dependency_links.txt
writing entry points to ../../build/arm_lab/arm_lab.egg-info/entry_points.txt
writing requirements to ../../build/arm_lab/arm_lab.egg-info/requires.txt
writing top-level names to ../../build/arm_lab/arm_lab.egg-info/top_level.txt
writing manifest file '../../build/arm_lab/arm_lab.egg-info/SOURCES.txt'
reading manifest file '../../build/arm_lab/arm_lab.egg-info/SOURCES.txt'
writing manifest file '../../build/arm_lab/arm_lab.egg-info/SOURCES.txt'
running build
running build_py
creating /home/akasha/MoMa-ArmLab/ros2_ws/build/arm_lab/build
creating /home/akasha/MoMa-ArmLab/ros2_ws/build/arm_lab/build/lib
creating /home/akasha/MoMa-ArmLab/ros2_ws/build/arm_lab/build/lib/arm_lab
copying arm_lab/__init__.py -> /home/akasha/MoMa-ArmLab/ros2_ws/build/arm_lab/build/lib/arm_lab
running install
running install_lib
creating /home/akasha/MoMa-ArmLab/ros2_ws/install/arm_lab/lib/python3.10/site-packages/arm_lab
copying /home/akasha/MoMa-ArmLab/ros2_ws/build/arm_lab/build/lib/arm_lab/__init__.py -> /home/akasha/MoMa-ArmLab/ros2_ws/install/arm_lab/lib/python3.10/site-packages/arm_lab
byte-compiling /home/akasha/MoMa-ArmLab/ros2_ws/install/arm_lab/lib/python3.10/site-packages/arm_lab/__init__.py to __init__.cpython-310.pyc
running install_data
creating /home/akasha/MoMa-ArmLab/ros2_ws/install/arm_lab/share/ament_index
creating /home/akasha/MoMa-ArmLab/ros2_ws/install/arm_lab/share/ament_index/resource_index
creating /home/akasha/MoMa-ArmLab/ros2_ws/install/arm_lab/share/ament_index/resource_index/packages
copying resource/arm_lab -> /home/akasha/MoMa-ArmLab/ros2_ws/install/arm_lab/share/ament_index/resource_index/packages
copying package.xml -> /home/akasha/MoMa-ArmLab/ros2_ws/install/arm_lab/share/arm_lab
running install_egg_info
Copying ../../build/arm_lab/arm_lab.egg-info to /home/akasha/MoMa-ArmLab/ros2_ws/install/arm_lab/lib/python3.10/site-packages/arm_lab-0.0.0-py3.10.egg-info
running install_scripts
writing list of installed files to '/home/akasha/MoMa-ArmLab/ros2_ws/build/arm_lab/install.log'
