[0.599s] Invoking command in '/home/akasha/MoMa-ArmLab/ros2_ws/src/arm_lab': PYTHONPATH=/home/akasha/MoMa-ArmLab/ros2_ws/build/arm_lab/prefix_override:/usr/lib/python3/dist-packages/colcon_core/task/python/colcon_distutils_commands:/home/akasha/MoMa-ArmLab/ros2_ws/install/arm_lab/lib/python3.10/site-packages:${PYTHONPATH} /usr/bin/python3 -W ignore:setup.py install is deprecated -W ignore:easy_install command is deprecated setup.py egg_info --egg-base ../../build/arm_lab build --build-base /home/akasha/MoMa-ArmLab/ros2_ws/build/arm_lab/build install --record /home/akasha/MoMa-ArmLab/ros2_ws/build/arm_lab/install.log --single-version-externally-managed install_data
[0.828s] running egg_info
[0.829s] writing ../../build/arm_lab/arm_lab.egg-info/PKG-INFO
[0.829s] writing dependency_links to ../../build/arm_lab/arm_lab.egg-info/dependency_links.txt
[0.829s] writing entry points to ../../build/arm_lab/arm_lab.egg-info/entry_points.txt
[0.829s] writing requirements to ../../build/arm_lab/arm_lab.egg-info/requires.txt
[0.829s] writing top-level names to ../../build/arm_lab/arm_lab.egg-info/top_level.txt
[0.831s] reading manifest file '../../build/arm_lab/arm_lab.egg-info/SOURCES.txt'
[0.832s] writing manifest file '../../build/arm_lab/arm_lab.egg-info/SOURCES.txt'
[0.832s] running build
[0.832s] running build_py
[0.832s] copying arm_lab/hello_node.py -> /home/akasha/MoMa-ArmLab/ros2_ws/build/arm_lab/build/lib/arm_lab
[0.832s] running install
[0.832s] running install_lib
[0.833s] copying /home/akasha/MoMa-ArmLab/ros2_ws/build/arm_lab/build/lib/arm_lab/hello_node.py -> /home/akasha/MoMa-ArmLab/ros2_ws/install/arm_lab/lib/python3.10/site-packages/arm_lab
[0.833s] byte-compiling /home/akasha/MoMa-ArmLab/ros2_ws/install/arm_lab/lib/python3.10/site-packages/arm_lab/hello_node.py to hello_node.cpython-310.pyc
[0.834s] running install_data
[0.834s] running install_egg_info
[0.835s] removing '/home/akasha/MoMa-ArmLab/ros2_ws/install/arm_lab/lib/python3.10/site-packages/arm_lab-0.0.0-py3.10.egg-info' (and everything under it)
[0.835s] Copying ../../build/arm_lab/arm_lab.egg-info to /home/akasha/MoMa-ArmLab/ros2_ws/install/arm_lab/lib/python3.10/site-packages/arm_lab-0.0.0-py3.10.egg-info
[0.836s] running install_scripts
[0.854s] Installing hello_node script to /home/akasha/MoMa-ArmLab/ros2_ws/install/arm_lab/lib/arm_lab
[0.855s] writing list of installed files to '/home/akasha/MoMa-ArmLab/ros2_ws/build/arm_lab/install.log'
[0.876s] Invoked command in '/home/akasha/MoMa-ArmLab/ros2_ws/src/arm_lab' returned '0': PYTHONPATH=/home/akasha/MoMa-ArmLab/ros2_ws/build/arm_lab/prefix_override:/usr/lib/python3/dist-packages/colcon_core/task/python/colcon_distutils_commands:/home/akasha/MoMa-ArmLab/ros2_ws/install/arm_lab/lib/python3.10/site-packages:${PYTHONPATH} /usr/bin/python3 -W ignore:setup.py install is deprecated -W ignore:easy_install command is deprecated setup.py egg_info --egg-base ../../build/arm_lab build --build-base /home/akasha/MoMa-ArmLab/ros2_ws/build/arm_lab/build install --record /home/akasha/MoMa-ArmLab/ros2_ws/build/arm_lab/install.log --single-version-externally-managed install_data
